<?xml version="1.0" encoding="UTF-8"?>
<robot generator="Robot 5.0.1 (Python 3.10.4 on win32)" generated="20221104 18:27:25.922" rpa="false" schemaversion="3">
<suite id="s1" name="Edit Book" source="c:\CDU_coding\PRT582-Code\RPT582-LibraryManagementSystem-GroupWork\book\edit_book.robot">
<test id="s1-t1" name="Verify Edit A Book Function" line="10">
<kw name="Open Web" library="book_resource">
<kw name="Open Browser" library="SeleniumLibrary">
<arg>${BrowserUrl}</arg>
<arg>${Browser}</arg>
<doc>Opens a new browser instance to the optional ``url``.</doc>
<msg timestamp="20221104 18:27:26.914" level="INFO">Opening browser 'chrome' to base url 'http://127.0.0.1:8000'.</msg>
<status status="PASS" starttime="20221104 18:27:26.912" endtime="20221104 18:27:28.989"/>
</kw>
<status status="PASS" starttime="20221104 18:27:26.908" endtime="20221104 18:27:28.991"/>
</kw>
<kw name="Maximize Browser Window" library="SeleniumLibrary">
<doc>Maximizes current browser window.</doc>
<status status="PASS" starttime="20221104 18:27:28.993" endtime="20221104 18:27:29.133"/>
</kw>
<kw name="Login Into System" library="book_resource">
<arg>${UserName}</arg>
<arg>${Password}</arg>
<kw name="Go To" library="SeleniumLibrary">
<arg>http://127.0.0.1:8000/stafflogin/</arg>
<doc>Navigates the current browser window to the provided ``url``.</doc>
<msg timestamp="20221104 18:27:29.138" level="INFO">Opening url 'http://127.0.0.1:8000/stafflogin/'</msg>
<status status="PASS" starttime="20221104 18:27:29.137" endtime="20221104 18:27:29.237"/>
</kw>
<kw name="Input Text" library="SeleniumLibrary">
<arg>id:loginuname</arg>
<arg>${UserName}</arg>
<doc>Types the given ``text`` into the text field identified by ``locator``.</doc>
<msg timestamp="20221104 18:27:29.243" level="INFO">Typing text 'CDU' into text field 'id:loginuname'.</msg>
<status status="PASS" starttime="20221104 18:27:29.239" endtime="20221104 18:27:29.400"/>
</kw>
<kw name="Input Password" library="SeleniumLibrary">
<arg>id:loginpassword</arg>
<arg>${Password}</arg>
<doc>Types the given password into the text field identified by ``locator``.</doc>
<msg timestamp="20221104 18:27:29.403" level="INFO">Typing password into text field 'id:loginpassword'.</msg>
<msg timestamp="20221104 18:27:29.463" level="INFO">Temporally setting log level to: NONE</msg>
<msg timestamp="20221104 18:27:29.536" level="INFO">Log level changed from NONE to INFO.</msg>
<status status="PASS" starttime="20221104 18:27:29.401" endtime="20221104 18:27:29.537"/>
</kw>
<kw name="Click Element" library="SeleniumLibrary">
<arg>css:input[type='submit']</arg>
<doc>Click the element identified by ``locator``.</doc>
<msg timestamp="20221104 18:27:29.541" level="INFO">Clicking element 'css:input[type='submit']'.</msg>
<status status="PASS" starttime="20221104 18:27:29.538" endtime="20221104 18:27:30.262"/>
</kw>
<status status="PASS" starttime="20221104 18:27:29.135" endtime="20221104 18:27:30.264"/>
</kw>
<kw name="Page Login Success" library="book_resource">
<kw name="Page Should Contain" library="SeleniumLibrary">
<arg>Message : Successfully logged in</arg>
<doc>Verifies that current page contains ``text``.</doc>
<msg timestamp="20221104 18:27:30.297" level="INFO">Current page contains text 'Message : Successfully logged in'.</msg>
<status status="PASS" starttime="20221104 18:27:30.267" endtime="20221104 18:27:30.298"/>
</kw>
<status status="PASS" starttime="20221104 18:27:30.266" endtime="20221104 18:27:30.299"/>
</kw>
<kw name="Select A Book" library="book_resource">
<arg>xpath://tbody/tr[1]/td[5]/a[1]</arg>
<kw name="Click Element" library="SeleniumLibrary">
<arg>${edit_button}</arg>
<doc>Click the element identified by ``locator``.</doc>
<msg timestamp="20221104 18:27:30.304" level="INFO">Clicking element 'xpath://tbody/tr[1]/td[5]/a[1]'.</msg>
<status status="PASS" starttime="20221104 18:27:30.302" endtime="20221104 18:27:30.470"/>
</kw>
<status status="PASS" starttime="20221104 18:27:30.301" endtime="20221104 18:27:30.472"/>
</kw>
<kw name="Edit Book Info" library="book_resource">
<arg>PYTHON101E</arg>
<arg>PYTHON Book 1 Edited</arg>
<arg>RPT582 Testing 1 Edited</arg>
<arg>Not-Issued</arg>
<kw name="Input Text" library="SeleniumLibrary">
<arg>id:bookid</arg>
<arg>${book_id}</arg>
<doc>Types the given ``text`` into the text field identified by ``locator``.</doc>
<msg timestamp="20221104 18:27:30.480" level="INFO">Typing text 'PYTHON101E' into text field 'id:bookid'.</msg>
<status status="PASS" starttime="20221104 18:27:30.477" endtime="20221104 18:27:30.648"/>
</kw>
<kw name="Input Text" library="SeleniumLibrary">
<arg>id:bookname</arg>
<arg>${book_name}</arg>
<doc>Types the given ``text`` into the text field identified by ``locator``.</doc>
<msg timestamp="20221104 18:27:30.650" level="INFO">Typing text 'PYTHON Book 1 Edited' into text field 'id:bookname'.</msg>
<status status="PASS" starttime="20221104 18:27:30.649" endtime="20221104 18:27:30.841"/>
</kw>
<kw name="Input Text" library="SeleniumLibrary">
<arg>id:subject</arg>
<arg>${subject}</arg>
<doc>Types the given ``text`` into the text field identified by ``locator``.</doc>
<msg timestamp="20221104 18:27:30.844" level="INFO">Typing text 'RPT582 Testing 1 Edited' into text field 'id:subject'.</msg>
<status status="PASS" starttime="20221104 18:27:30.842" endtime="20221104 18:27:31.049"/>
</kw>
<kw name="Input Text" library="SeleniumLibrary">
<arg>id:category</arg>
<arg>${category}</arg>
<doc>Types the given ``text`` into the text field identified by ``locator``.</doc>
<msg timestamp="20221104 18:27:31.052" level="INFO">Typing text 'Not-Issued' into text field 'id:category'.</msg>
<status status="PASS" starttime="20221104 18:27:31.051" endtime="20221104 18:27:31.203"/>
</kw>
<kw name="Click Element" library="SeleniumLibrary">
<arg>//button[contains(text(),'Submit')]</arg>
<doc>Click the element identified by ``locator``.</doc>
<msg timestamp="20221104 18:27:31.206" level="INFO">Clicking element '//button[contains(text(),'Submit')]'.</msg>
<status status="PASS" starttime="20221104 18:27:31.204" endtime="20221104 18:27:31.364"/>
</kw>
<status status="PASS" starttime="20221104 18:27:30.474" endtime="20221104 18:27:31.365"/>
</kw>
<kw name="Sleep" library="BuiltIn">
<arg>5s</arg>
<doc>Pauses the test executed for the given time.</doc>
<msg timestamp="20221104 18:27:36.369" level="INFO">Slept 5 seconds</msg>
<status status="PASS" starttime="20221104 18:27:31.367" endtime="20221104 18:27:36.370"/>
</kw>
<kw name="Capture Page Screenshot" library="SeleniumLibrary">
<doc>Takes a screenshot of the current page and embeds it into a log file.</doc>
<msg timestamp="20221104 18:27:36.624" level="INFO" html="true">&lt;/td&gt;&lt;/tr&gt;&lt;tr&gt;&lt;td colspan="3"&gt;&lt;a href="selenium-screenshot-3.png"&gt;&lt;img src="selenium-screenshot-3.png" width="800px"&gt;&lt;/a&gt;</msg>
<status status="PASS" starttime="20221104 18:27:36.373" endtime="20221104 18:27:36.625"/>
</kw>
<kw name="Close Browser" library="SeleniumLibrary">
<doc>Closes the current browser.</doc>
<status status="PASS" starttime="20221104 18:27:36.627" endtime="20221104 18:27:38.872"/>
</kw>
<status status="PASS" starttime="20221104 18:27:26.902" endtime="20221104 18:27:38.883"/>
</test>
<test id="s1-t2" name="Verify Edit A Second Book Function" line="22">
<kw name="Open Web" library="book_resource">
<kw name="Open Browser" library="SeleniumLibrary">
<arg>${BrowserUrl}</arg>
<arg>${Browser}</arg>
<doc>Opens a new browser instance to the optional ``url``.</doc>
<msg timestamp="20221104 18:27:38.902" level="INFO">Opening browser 'chrome' to base url 'http://127.0.0.1:8000'.</msg>
<status status="PASS" starttime="20221104 18:27:38.899" endtime="20221104 18:27:40.939"/>
</kw>
<status status="PASS" starttime="20221104 18:27:38.895" endtime="20221104 18:27:40.940"/>
</kw>
<kw name="Maximize Browser Window" library="SeleniumLibrary">
<doc>Maximizes current browser window.</doc>
<status status="PASS" starttime="20221104 18:27:40.941" endtime="20221104 18:27:41.074"/>
</kw>
<kw name="Login Into System" library="book_resource">
<arg>${UserName}</arg>
<arg>${Password}</arg>
<kw name="Go To" library="SeleniumLibrary">
<arg>http://127.0.0.1:8000/stafflogin/</arg>
<doc>Navigates the current browser window to the provided ``url``.</doc>
<msg timestamp="20221104 18:27:41.083" level="INFO">Opening url 'http://127.0.0.1:8000/stafflogin/'</msg>
<status status="PASS" starttime="20221104 18:27:41.081" endtime="20221104 18:27:41.173"/>
</kw>
<kw name="Input Text" library="SeleniumLibrary">
<arg>id:loginuname</arg>
<arg>${UserName}</arg>
<doc>Types the given ``text`` into the text field identified by ``locator``.</doc>
<msg timestamp="20221104 18:27:41.177" level="INFO">Typing text 'CDU' into text field 'id:loginuname'.</msg>
<status status="PASS" starttime="20221104 18:27:41.175" endtime="20221104 18:27:41.369"/>
</kw>
<kw name="Input Password" library="SeleniumLibrary">
<arg>id:loginpassword</arg>
<arg>${Password}</arg>
<doc>Types the given password into the text field identified by ``locator``.</doc>
<msg timestamp="20221104 18:27:41.371" level="INFO">Typing password into text field 'id:loginpassword'.</msg>
<msg timestamp="20221104 18:27:41.438" level="INFO">Temporally setting log level to: NONE</msg>
<msg timestamp="20221104 18:27:41.516" level="INFO">Log level changed from NONE to INFO.</msg>
<status status="PASS" starttime="20221104 18:27:41.370" endtime="20221104 18:27:41.517"/>
</kw>
<kw name="Click Element" library="SeleniumLibrary">
<arg>css:input[type='submit']</arg>
<doc>Click the element identified by ``locator``.</doc>
<msg timestamp="20221104 18:27:41.519" level="INFO">Clicking element 'css:input[type='submit']'.</msg>
<status status="PASS" starttime="20221104 18:27:41.518" endtime="20221104 18:27:42.197"/>
</kw>
<status status="PASS" starttime="20221104 18:27:41.076" endtime="20221104 18:27:42.198"/>
</kw>
<kw name="Page Login Success" library="book_resource">
<kw name="Page Should Contain" library="SeleniumLibrary">
<arg>Message : Successfully logged in</arg>
<doc>Verifies that current page contains ``text``.</doc>
<msg timestamp="20221104 18:27:42.234" level="INFO">Current page contains text 'Message : Successfully logged in'.</msg>
<status status="PASS" starttime="20221104 18:27:42.202" endtime="20221104 18:27:42.234"/>
</kw>
<status status="PASS" starttime="20221104 18:27:42.200" endtime="20221104 18:27:42.237"/>
</kw>
<kw name="Select A Book" library="book_resource">
<arg>xpath://tbody/tr[2]/td[5]/a[1]</arg>
<kw name="Click Element" library="SeleniumLibrary">
<arg>${edit_button}</arg>
<doc>Click the element identified by ``locator``.</doc>
<msg timestamp="20221104 18:27:42.243" level="INFO">Clicking element 'xpath://tbody/tr[2]/td[5]/a[1]'.</msg>
<status status="PASS" starttime="20221104 18:27:42.241" endtime="20221104 18:27:42.446"/>
</kw>
<status status="PASS" starttime="20221104 18:27:42.238" endtime="20221104 18:27:42.448"/>
</kw>
<kw name="Edit Book Info" library="book_resource">
<arg>PYTHON102E</arg>
<arg>PYTHON Book 2 Edited</arg>
<arg>RPT582 Testing 2 Edited</arg>
<arg>Not-Issued</arg>
<kw name="Input Text" library="SeleniumLibrary">
<arg>id:bookid</arg>
<arg>${book_id}</arg>
<doc>Types the given ``text`` into the text field identified by ``locator``.</doc>
<msg timestamp="20221104 18:27:42.455" level="INFO">Typing text 'PYTHON102E' into text field 'id:bookid'.</msg>
<status status="PASS" starttime="20221104 18:27:42.453" endtime="20221104 18:27:42.644"/>
</kw>
<kw name="Input Text" library="SeleniumLibrary">
<arg>id:bookname</arg>
<arg>${book_name}</arg>
<doc>Types the given ``text`` into the text field identified by ``locator``.</doc>
<msg timestamp="20221104 18:27:42.646" level="INFO">Typing text 'PYTHON Book 2 Edited' into text field 'id:bookname'.</msg>
<status status="PASS" starttime="20221104 18:27:42.645" endtime="20221104 18:27:42.840"/>
</kw>
<kw name="Input Text" library="SeleniumLibrary">
<arg>id:subject</arg>
<arg>${subject}</arg>
<doc>Types the given ``text`` into the text field identified by ``locator``.</doc>
<msg timestamp="20221104 18:27:42.843" level="INFO">Typing text 'RPT582 Testing 2 Edited' into text field 'id:subject'.</msg>
<status status="PASS" starttime="20221104 18:27:42.841" endtime="20221104 18:27:43.062"/>
</kw>
<kw name="Input Text" library="SeleniumLibrary">
<arg>id:category</arg>
<arg>${category}</arg>
<doc>Types the given ``text`` into the text field identified by ``locator``.</doc>
<msg timestamp="20221104 18:27:43.065" level="INFO">Typing text 'Not-Issued' into text field 'id:category'.</msg>
<status status="PASS" starttime="20221104 18:27:43.063" endtime="20221104 18:27:43.235"/>
</kw>
<kw name="Click Element" library="SeleniumLibrary">
<arg>//button[contains(text(),'Submit')]</arg>
<doc>Click the element identified by ``locator``.</doc>
<msg timestamp="20221104 18:27:43.237" level="INFO">Clicking element '//button[contains(text(),'Submit')]'.</msg>
<status status="PASS" starttime="20221104 18:27:43.236" endtime="20221104 18:27:43.392"/>
</kw>
<status status="PASS" starttime="20221104 18:27:42.450" endtime="20221104 18:27:43.394"/>
</kw>
<kw name="Sleep" library="BuiltIn">
<arg>5s</arg>
<doc>Pauses the test executed for the given time.</doc>
<msg timestamp="20221104 18:27:48.411" level="INFO">Slept 5 seconds</msg>
<status status="PASS" starttime="20221104 18:27:43.396" endtime="20221104 18:27:48.412"/>
</kw>
<kw name="Capture Page Screenshot" library="SeleniumLibrary">
<doc>Takes a screenshot of the current page and embeds it into a log file.</doc>
<msg timestamp="20221104 18:27:48.655" level="INFO" html="true">&lt;/td&gt;&lt;/tr&gt;&lt;tr&gt;&lt;td colspan="3"&gt;&lt;a href="selenium-screenshot-4.png"&gt;&lt;img src="selenium-screenshot-4.png" width="800px"&gt;&lt;/a&gt;</msg>
<status status="PASS" starttime="20221104 18:27:48.414" endtime="20221104 18:27:48.657"/>
</kw>
<kw name="Close Browser" library="SeleniumLibrary">
<doc>Closes the current browser.</doc>
<status status="PASS" starttime="20221104 18:27:48.659" endtime="20221104 18:27:51.054"/>
</kw>
<status status="PASS" starttime="20221104 18:27:38.889" endtime="20221104 18:27:51.056"/>
</test>
<doc>Search Book Functionality</doc>
<status status="PASS" starttime="20221104 18:27:25.942" endtime="20221104 18:27:51.062"/>
</suite>
<statistics>
<total>
<stat pass="2" fail="0" skip="0">All Tests</stat>
</total>
<tag>
</tag>
<suite>
<stat pass="2" fail="0" skip="0" id="s1" name="Edit Book">Edit Book</stat>
</suite>
</statistics>
<errors>
</errors>
</robot>
