<?xml version="1.0" encoding="UTF-8"?>
<robot generator="Robot 6.0 (Python 3.10.8 on win32)" generated="20221107 14:17:59.396" rpa="false" schemaversion="3">
<suite id="s1" name="View Issued Book" source="c:\Program Files\Python310\Scripts\RPT582-LibraryManagementSystem-main\book\view_issued_book.robot">
<test id="s1-t1" name="Verify First Issued Book Of Student" line="11">
<kw name="Open Web" library="resource">
<kw name="Open Browser" library="SeleniumLibrary">
<arg>${BrowserUrl}</arg>
<arg>${Browser}</arg>
<doc>Opens a new browser instance to the optional ``url``.</doc>
<msg timestamp="20221107 14:17:59.586" level="INFO">Opening browser 'chrome' to base url 'http://127.0.0.1:8000'.</msg>
<status status="PASS" starttime="20221107 14:17:59.585" endtime="20221107 14:18:01.034"/>
</kw>
<kw name="Maximize Browser Window" library="SeleniumLibrary">
<doc>Maximizes current browser window.</doc>
<status status="PASS" starttime="20221107 14:18:01.034" endtime="20221107 14:18:01.152"/>
</kw>
<status status="PASS" starttime="20221107 14:17:59.585" endtime="20221107 14:18:01.152"/>
</kw>
<kw name="Login Into System" library="resource">
<arg>${UserName}</arg>
<arg>${Password}</arg>
<kw name="Go To" library="SeleniumLibrary">
<arg>http://127.0.0.1:8000/stafflogin/</arg>
<doc>Navigates the current browser window to the provided ``url``.</doc>
<msg timestamp="20221107 14:18:01.153" level="INFO">Opening url 'http://127.0.0.1:8000/stafflogin/'</msg>
<status status="PASS" starttime="20221107 14:18:01.153" endtime="20221107 14:18:01.180"/>
</kw>
<kw name="Input Text" library="SeleniumLibrary">
<arg>id:loginuname</arg>
<arg>${UserName}</arg>
<doc>Types the given ``text`` into the text field identified by ``locator``.</doc>
<msg timestamp="20221107 14:18:01.181" level="INFO">Typing text 'CDU' into text field 'id:loginuname'.</msg>
<status status="PASS" starttime="20221107 14:18:01.180" endtime="20221107 14:18:01.233"/>
</kw>
<kw name="Input Password" library="SeleniumLibrary">
<arg>id:loginpassword</arg>
<arg>${Password}</arg>
<doc>Types the given password into the text field identified by ``locator``.</doc>
<msg timestamp="20221107 14:18:01.234" level="INFO">Typing password into text field 'id:loginpassword'.</msg>
<msg timestamp="20221107 14:18:01.259" level="INFO">Temporally setting log level to: NONE</msg>
<msg timestamp="20221107 14:18:01.287" level="INFO">Log level changed from NONE to INFO.</msg>
<status status="PASS" starttime="20221107 14:18:01.234" endtime="20221107 14:18:01.287"/>
</kw>
<kw name="Click Element" library="SeleniumLibrary">
<arg>css:input[type='submit']</arg>
<doc>Click the element identified by ``locator``.</doc>
<msg timestamp="20221107 14:18:01.288" level="INFO">Clicking element 'css:input[type='submit']'.</msg>
<status status="PASS" starttime="20221107 14:18:01.288" endtime="20221107 14:18:01.966"/>
</kw>
<status status="PASS" starttime="20221107 14:18:01.152" endtime="20221107 14:18:01.966"/>
</kw>
<kw name="Page Login Success" library="resource">
<kw name="Page Should Contain" library="SeleniumLibrary">
<arg>Message : Successfully logged in</arg>
<doc>Verifies that current page contains ``text``.</doc>
<msg timestamp="20221107 14:18:01.979" level="INFO">Current page contains text 'Message : Successfully logged in'.</msg>
<status status="PASS" starttime="20221107 14:18:01.967" endtime="20221107 14:18:01.979"/>
</kw>
<status status="PASS" starttime="20221107 14:18:01.966" endtime="20221107 14:18:01.979"/>
</kw>
<kw name="Maximize Browser Window" library="SeleniumLibrary">
<doc>Maximizes current browser window.</doc>
<status status="PASS" starttime="20221107 14:18:01.979" endtime="20221107 14:18:01.982"/>
</kw>
<kw name="Go To" library="SeleniumLibrary">
<arg>http://127.0.0.1:8000/viewissuedbook/</arg>
<doc>Navigates the current browser window to the provided ``url``.</doc>
<msg timestamp="20221107 14:18:01.982" level="INFO">Opening url 'http://127.0.0.1:8000/viewissuedbook/'</msg>
<status status="PASS" starttime="20221107 14:18:01.982" endtime="20221107 14:18:02.032"/>
</kw>
<kw name="Page Should Contain" library="SeleniumLibrary">
<arg>Zhe Wei</arg>
<doc>Verifies that current page contains ``text``.</doc>
<msg timestamp="20221107 14:18:02.041" level="INFO">Current page contains text 'Zhe Wei'.</msg>
<status status="PASS" starttime="20221107 14:18:02.032" endtime="20221107 14:18:02.041"/>
</kw>
<kw name="Page Should Contain" library="SeleniumLibrary">
<arg>S357617</arg>
<doc>Verifies that current page contains ``text``.</doc>
<msg timestamp="20221107 14:18:02.049" level="INFO">Current page contains text 'S357617'.</msg>
<status status="PASS" starttime="20221107 14:18:02.041" endtime="20221107 14:18:02.049"/>
</kw>
<kw name="Page Should Contain" library="SeleniumLibrary">
<arg>PYTHON Book 1</arg>
<doc>Verifies that current page contains ``text``.</doc>
<msg timestamp="20221107 14:18:02.058" level="INFO">Current page contains text 'PYTHON Book 1'.</msg>
<status status="PASS" starttime="20221107 14:18:02.050" endtime="20221107 14:18:02.058"/>
</kw>
<kw name="Page Should Contain" library="SeleniumLibrary">
<arg>RPT582 Testing 1</arg>
<doc>Verifies that current page contains ``text``.</doc>
<msg timestamp="20221107 14:18:02.066" level="INFO">Current page contains text 'RPT582 Testing 1'.</msg>
<status status="PASS" starttime="20221107 14:18:02.059" endtime="20221107 14:18:02.066"/>
</kw>
<kw name="Page Should Contain" library="SeleniumLibrary">
<arg>7-11-2022</arg>
<doc>Verifies that current page contains ``text``.</doc>
<msg timestamp="20221107 14:18:02.075" level="INFO">Current page contains text '7-11-2022'.</msg>
<status status="PASS" starttime="20221107 14:18:02.067" endtime="20221107 14:18:02.075"/>
</kw>
<kw name="Page Should Contain" library="SeleniumLibrary">
<arg>22-11-2022</arg>
<doc>Verifies that current page contains ``text``.</doc>
<msg timestamp="20221107 14:18:02.083" level="INFO">Current page contains text '22-11-2022'.</msg>
<status status="PASS" starttime="20221107 14:18:02.075" endtime="20221107 14:18:02.084"/>
</kw>
<kw name="Capture Page Screenshot" library="SeleniumLibrary">
<doc>Takes a screenshot of the current page and embeds it into a log file.</doc>
<msg timestamp="20221107 14:18:02.205" level="INFO" html="true">&lt;/td&gt;&lt;/tr&gt;&lt;tr&gt;&lt;td colspan="3"&gt;&lt;a href="selenium-screenshot-1.png"&gt;&lt;img src="selenium-screenshot-1.png" width="800px"&gt;&lt;/a&gt;</msg>
<status status="PASS" starttime="20221107 14:18:02.084" endtime="20221107 14:18:02.205"/>
</kw>
<kw name="Close Browser" library="SeleniumLibrary">
<doc>Closes the current browser.</doc>
<status status="PASS" starttime="20221107 14:18:02.206" endtime="20221107 14:18:04.261"/>
</kw>
<status status="PASS" starttime="20221107 14:17:59.584" endtime="20221107 14:18:04.261"/>
</test>
<test id="s1-t2" name="Verify Second Issued Book Of Student" line="27">
<kw name="Open Web" library="resource">
<kw name="Open Browser" library="SeleniumLibrary">
<arg>${BrowserUrl}</arg>
<arg>${Browser}</arg>
<doc>Opens a new browser instance to the optional ``url``.</doc>
<msg timestamp="20221107 14:18:04.264" level="INFO">Opening browser 'chrome' to base url 'http://127.0.0.1:8000'.</msg>
<status status="PASS" starttime="20221107 14:18:04.263" endtime="20221107 14:18:05.617"/>
</kw>
<kw name="Maximize Browser Window" library="SeleniumLibrary">
<doc>Maximizes current browser window.</doc>
<status status="PASS" starttime="20221107 14:18:05.618" endtime="20221107 14:18:05.737"/>
</kw>
<status status="PASS" starttime="20221107 14:18:04.263" endtime="20221107 14:18:05.737"/>
</kw>
<kw name="Login Into System" library="resource">
<arg>${UserName}</arg>
<arg>${Password}</arg>
<kw name="Go To" library="SeleniumLibrary">
<arg>http://127.0.0.1:8000/stafflogin/</arg>
<doc>Navigates the current browser window to the provided ``url``.</doc>
<msg timestamp="20221107 14:18:05.737" level="INFO">Opening url 'http://127.0.0.1:8000/stafflogin/'</msg>
<status status="PASS" starttime="20221107 14:18:05.737" endtime="20221107 14:18:05.766"/>
</kw>
<kw name="Input Text" library="SeleniumLibrary">
<arg>id:loginuname</arg>
<arg>${UserName}</arg>
<doc>Types the given ``text`` into the text field identified by ``locator``.</doc>
<msg timestamp="20221107 14:18:05.767" level="INFO">Typing text 'CDU' into text field 'id:loginuname'.</msg>
<status status="PASS" starttime="20221107 14:18:05.766" endtime="20221107 14:18:05.821"/>
</kw>
<kw name="Input Password" library="SeleniumLibrary">
<arg>id:loginpassword</arg>
<arg>${Password}</arg>
<doc>Types the given password into the text field identified by ``locator``.</doc>
<msg timestamp="20221107 14:18:05.821" level="INFO">Typing password into text field 'id:loginpassword'.</msg>
<msg timestamp="20221107 14:18:05.846" level="INFO">Temporally setting log level to: NONE</msg>
<msg timestamp="20221107 14:18:05.875" level="INFO">Log level changed from NONE to INFO.</msg>
<status status="PASS" starttime="20221107 14:18:05.821" endtime="20221107 14:18:05.876"/>
</kw>
<kw name="Click Element" library="SeleniumLibrary">
<arg>css:input[type='submit']</arg>
<doc>Click the element identified by ``locator``.</doc>
<msg timestamp="20221107 14:18:05.876" level="INFO">Clicking element 'css:input[type='submit']'.</msg>
<status status="PASS" starttime="20221107 14:18:05.876" endtime="20221107 14:18:06.390"/>
</kw>
<status status="PASS" starttime="20221107 14:18:05.737" endtime="20221107 14:18:06.390"/>
</kw>
<kw name="Page Login Success" library="resource">
<kw name="Page Should Contain" library="SeleniumLibrary">
<arg>Message : Successfully logged in</arg>
<doc>Verifies that current page contains ``text``.</doc>
<msg timestamp="20221107 14:18:06.400" level="INFO">Current page contains text 'Message : Successfully logged in'.</msg>
<status status="PASS" starttime="20221107 14:18:06.391" endtime="20221107 14:18:06.400"/>
</kw>
<status status="PASS" starttime="20221107 14:18:06.390" endtime="20221107 14:18:06.400"/>
</kw>
<kw name="Maximize Browser Window" library="SeleniumLibrary">
<doc>Maximizes current browser window.</doc>
<status status="PASS" starttime="20221107 14:18:06.401" endtime="20221107 14:18:06.404"/>
</kw>
<kw name="Go To" library="SeleniumLibrary">
<arg>http://127.0.0.1:8000/viewissuedbook/</arg>
<doc>Navigates the current browser window to the provided ``url``.</doc>
<msg timestamp="20221107 14:18:06.405" level="INFO">Opening url 'http://127.0.0.1:8000/viewissuedbook/'</msg>
<status status="PASS" starttime="20221107 14:18:06.404" endtime="20221107 14:18:06.445"/>
</kw>
<kw name="Page Should Contain" library="SeleniumLibrary">
<arg>An Vong</arg>
<doc>Verifies that current page contains ``text``.</doc>
<msg timestamp="20221107 14:18:06.455" level="INFO">Current page contains text 'An Vong'.</msg>
<status status="PASS" starttime="20221107 14:18:06.446" endtime="20221107 14:18:06.455"/>
</kw>
<kw name="Page Should Contain" library="SeleniumLibrary">
<arg>s354803</arg>
<doc>Verifies that current page contains ``text``.</doc>
<msg timestamp="20221107 14:18:06.463" level="INFO">Current page contains text 's354803'.</msg>
<status status="PASS" starttime="20221107 14:18:06.455" endtime="20221107 14:18:06.463"/>
</kw>
<kw name="Page Should Contain" library="SeleniumLibrary">
<arg>PYTHON Book 2</arg>
<doc>Verifies that current page contains ``text``.</doc>
<msg timestamp="20221107 14:18:06.473" level="INFO">Current page contains text 'PYTHON Book 2'.</msg>
<status status="PASS" starttime="20221107 14:18:06.464" endtime="20221107 14:18:06.473"/>
</kw>
<kw name="Page Should Contain" library="SeleniumLibrary">
<arg>RPT582 Testing 2</arg>
<doc>Verifies that current page contains ``text``.</doc>
<msg timestamp="20221107 14:18:06.481" level="INFO">Current page contains text 'RPT582 Testing 2'.</msg>
<status status="PASS" starttime="20221107 14:18:06.473" endtime="20221107 14:18:06.481"/>
</kw>
<kw name="Page Should Contain" library="SeleniumLibrary">
<arg>7-11-2022</arg>
<doc>Verifies that current page contains ``text``.</doc>
<msg timestamp="20221107 14:18:06.490" level="INFO">Current page contains text '7-11-2022'.</msg>
<status status="PASS" starttime="20221107 14:18:06.482" endtime="20221107 14:18:06.490"/>
</kw>
<kw name="Page Should Contain" library="SeleniumLibrary">
<arg>22-11-2022</arg>
<doc>Verifies that current page contains ``text``.</doc>
<msg timestamp="20221107 14:18:06.498" level="INFO">Current page contains text '22-11-2022'.</msg>
<status status="PASS" starttime="20221107 14:18:06.490" endtime="20221107 14:18:06.498"/>
</kw>
<kw name="Capture Page Screenshot" library="SeleniumLibrary">
<doc>Takes a screenshot of the current page and embeds it into a log file.</doc>
<msg timestamp="20221107 14:18:06.605" level="INFO" html="true">&lt;/td&gt;&lt;/tr&gt;&lt;tr&gt;&lt;td colspan="3"&gt;&lt;a href="selenium-screenshot-2.png"&gt;&lt;img src="selenium-screenshot-2.png" width="800px"&gt;&lt;/a&gt;</msg>
<status status="PASS" starttime="20221107 14:18:06.498" endtime="20221107 14:18:06.605"/>
</kw>
<kw name="Close Browser" library="SeleniumLibrary">
<doc>Closes the current browser.</doc>
<status status="PASS" starttime="20221107 14:18:06.606" endtime="20221107 14:18:08.675"/>
</kw>
<status status="PASS" starttime="20221107 14:18:04.263" endtime="20221107 14:18:08.675"/>
</test>
<test id="s1-t3" name="Verify Third Issued Book Of Student" line="43">
<kw name="Open Web" library="resource">
<kw name="Open Browser" library="SeleniumLibrary">
<arg>${BrowserUrl}</arg>
<arg>${Browser}</arg>
<doc>Opens a new browser instance to the optional ``url``.</doc>
<msg timestamp="20221107 14:18:08.678" level="INFO">Opening browser 'chrome' to base url 'http://127.0.0.1:8000'.</msg>
<status status="PASS" starttime="20221107 14:18:08.677" endtime="20221107 14:18:10.037"/>
</kw>
<kw name="Maximize Browser Window" library="SeleniumLibrary">
<doc>Maximizes current browser window.</doc>
<status status="PASS" starttime="20221107 14:18:10.038" endtime="20221107 14:18:10.159"/>
</kw>
<status status="PASS" starttime="20221107 14:18:08.677" endtime="20221107 14:18:10.160"/>
</kw>
<kw name="Login Into System" library="resource">
<arg>${UserName}</arg>
<arg>${Password}</arg>
<kw name="Go To" library="SeleniumLibrary">
<arg>http://127.0.0.1:8000/stafflogin/</arg>
<doc>Navigates the current browser window to the provided ``url``.</doc>
<msg timestamp="20221107 14:18:10.161" level="INFO">Opening url 'http://127.0.0.1:8000/stafflogin/'</msg>
<status status="PASS" starttime="20221107 14:18:10.160" endtime="20221107 14:18:10.191"/>
</kw>
<kw name="Input Text" library="SeleniumLibrary">
<arg>id:loginuname</arg>
<arg>${UserName}</arg>
<doc>Types the given ``text`` into the text field identified by ``locator``.</doc>
<msg timestamp="20221107 14:18:10.192" level="INFO">Typing text 'CDU' into text field 'id:loginuname'.</msg>
<status status="PASS" starttime="20221107 14:18:10.191" endtime="20221107 14:18:10.245"/>
</kw>
<kw name="Input Password" library="SeleniumLibrary">
<arg>id:loginpassword</arg>
<arg>${Password}</arg>
<doc>Types the given password into the text field identified by ``locator``.</doc>
<msg timestamp="20221107 14:18:10.246" level="INFO">Typing password into text field 'id:loginpassword'.</msg>
<msg timestamp="20221107 14:18:10.271" level="INFO">Temporally setting log level to: NONE</msg>
<msg timestamp="20221107 14:18:10.300" level="INFO">Log level changed from NONE to INFO.</msg>
<status status="PASS" starttime="20221107 14:18:10.245" endtime="20221107 14:18:10.300"/>
</kw>
<kw name="Click Element" library="SeleniumLibrary">
<arg>css:input[type='submit']</arg>
<doc>Click the element identified by ``locator``.</doc>
<msg timestamp="20221107 14:18:10.301" level="INFO">Clicking element 'css:input[type='submit']'.</msg>
<status status="PASS" starttime="20221107 14:18:10.300" endtime="20221107 14:18:10.810"/>
</kw>
<status status="PASS" starttime="20221107 14:18:10.160" endtime="20221107 14:18:10.810"/>
</kw>
<kw name="Page Login Success" library="resource">
<kw name="Page Should Contain" library="SeleniumLibrary">
<arg>Message : Successfully logged in</arg>
<doc>Verifies that current page contains ``text``.</doc>
<msg timestamp="20221107 14:18:10.822" level="INFO">Current page contains text 'Message : Successfully logged in'.</msg>
<status status="PASS" starttime="20221107 14:18:10.811" endtime="20221107 14:18:10.822"/>
</kw>
<status status="PASS" starttime="20221107 14:18:10.811" endtime="20221107 14:18:10.822"/>
</kw>
<kw name="Maximize Browser Window" library="SeleniumLibrary">
<doc>Maximizes current browser window.</doc>
<status status="PASS" starttime="20221107 14:18:10.823" endtime="20221107 14:18:10.825"/>
</kw>
<kw name="Go To" library="SeleniumLibrary">
<arg>http://127.0.0.1:8000/viewissuedbook/</arg>
<doc>Navigates the current browser window to the provided ``url``.</doc>
<msg timestamp="20221107 14:18:10.826" level="INFO">Opening url 'http://127.0.0.1:8000/viewissuedbook/'</msg>
<status status="PASS" starttime="20221107 14:18:10.825" endtime="20221107 14:18:10.877"/>
</kw>
<kw name="Page Should Contain" library="SeleniumLibrary">
<arg>MD Al Admin</arg>
<doc>Verifies that current page contains ``text``.</doc>
<msg timestamp="20221107 14:18:10.885" level="INFO">Current page contains text 'MD Al Admin'.</msg>
<status status="PASS" starttime="20221107 14:18:10.877" endtime="20221107 14:18:10.885"/>
</kw>
<kw name="Page Should Contain" library="SeleniumLibrary">
<arg>S361035</arg>
<doc>Verifies that current page contains ``text``.</doc>
<msg timestamp="20221107 14:18:10.895" level="INFO">Current page contains text 'S361035'.</msg>
<status status="PASS" starttime="20221107 14:18:10.886" endtime="20221107 14:18:10.895"/>
</kw>
<kw name="Page Should Contain" library="SeleniumLibrary">
<arg>PYTHON Book 3</arg>
<doc>Verifies that current page contains ``text``.</doc>
<msg timestamp="20221107 14:18:10.904" level="INFO">Current page contains text 'PYTHON Book 3'.</msg>
<status status="PASS" starttime="20221107 14:18:10.895" endtime="20221107 14:18:10.904"/>
</kw>
<kw name="Page Should Contain" library="SeleniumLibrary">
<arg>RPT582 Testing 3</arg>
<doc>Verifies that current page contains ``text``.</doc>
<msg timestamp="20221107 14:18:10.913" level="INFO">Current page contains text 'RPT582 Testing 3'.</msg>
<status status="PASS" starttime="20221107 14:18:10.905" endtime="20221107 14:18:10.913"/>
</kw>
<kw name="Page Should Contain" library="SeleniumLibrary">
<arg>7-11-2022</arg>
<doc>Verifies that current page contains ``text``.</doc>
<msg timestamp="20221107 14:18:10.923" level="INFO">Current page contains text '7-11-2022'.</msg>
<status status="PASS" starttime="20221107 14:18:10.914" endtime="20221107 14:18:10.923"/>
</kw>
<kw name="Page Should Contain" library="SeleniumLibrary">
<arg>22-11-2022</arg>
<doc>Verifies that current page contains ``text``.</doc>
<msg timestamp="20221107 14:18:10.931" level="INFO">Current page contains text '22-11-2022'.</msg>
<status status="PASS" starttime="20221107 14:18:10.923" endtime="20221107 14:18:10.931"/>
</kw>
<kw name="Capture Page Screenshot" library="SeleniumLibrary">
<doc>Takes a screenshot of the current page and embeds it into a log file.</doc>
<msg timestamp="20221107 14:18:11.037" level="INFO" html="true">&lt;/td&gt;&lt;/tr&gt;&lt;tr&gt;&lt;td colspan="3"&gt;&lt;a href="selenium-screenshot-3.png"&gt;&lt;img src="selenium-screenshot-3.png" width="800px"&gt;&lt;/a&gt;</msg>
<status status="PASS" starttime="20221107 14:18:10.931" endtime="20221107 14:18:11.037"/>
</kw>
<kw name="Close Browser" library="SeleniumLibrary">
<doc>Closes the current browser.</doc>
<status status="PASS" starttime="20221107 14:18:11.038" endtime="20221107 14:18:13.122"/>
</kw>
<status status="PASS" starttime="20221107 14:18:08.677" endtime="20221107 14:18:13.122"/>
</test>
<doc>View Issue Book Functionality</doc>
<status status="PASS" starttime="20221107 14:17:59.399" endtime="20221107 14:18:13.123"/>
</suite>
<statistics>
<total>
<stat pass="3" fail="0" skip="0">All Tests</stat>
</total>
<tag>
</tag>
<suite>
<stat pass="3" fail="0" skip="0" id="s1" name="View Issued Book">View Issued Book</stat>
</suite>
</statistics>
<errors>
</errors>
</robot>
