<?xml version="1.0" encoding="UTF-8"?>
<robot generator="Robot 6.0 (Python 3.10.8 on win32)" generated="20221107 14:42:25.529" rpa="false" schemaversion="3">
<suite id="s1" name="Search Student" source="c:\Program Files\Python310\Scripts\RPT582-LibraryManagementSystem-main\students\search_student.robot">
<test id="s1-t1" name="View and search the first registered student" line="10">
<kw name="Open Web" library="resource">
<kw name="Open Browser" library="SeleniumLibrary">
<arg>${BrowserUrl}</arg>
<arg>${Browser}</arg>
<doc>Opens a new browser instance to the optional ``url``.</doc>
<msg timestamp="20221107 14:42:25.715" level="INFO">Opening browser 'chrome' to base url 'http://127.0.0.1:8000'.</msg>
<status status="PASS" starttime="20221107 14:42:25.714" endtime="20221107 14:42:27.332"/>
</kw>
<kw name="Maximize Browser Window" library="SeleniumLibrary">
<doc>Maximizes current browser window.</doc>
<status status="PASS" starttime="20221107 14:42:27.332" endtime="20221107 14:42:27.448"/>
</kw>
<status status="PASS" starttime="20221107 14:42:25.713" endtime="20221107 14:42:27.449"/>
</kw>
<kw name="Login Into System" library="resource">
<arg>${UserName}</arg>
<arg>${Password}</arg>
<kw name="Go To" library="SeleniumLibrary">
<arg>http://127.0.0.1:8000/stafflogin/</arg>
<doc>Navigates the current browser window to the provided ``url``.</doc>
<msg timestamp="20221107 14:42:27.450" level="INFO">Opening url 'http://127.0.0.1:8000/stafflogin/'</msg>
<status status="PASS" starttime="20221107 14:42:27.449" endtime="20221107 14:42:27.479"/>
</kw>
<kw name="Input Text" library="SeleniumLibrary">
<arg>id:loginuname</arg>
<arg>${UserName}</arg>
<doc>Types the given ``text`` into the text field identified by ``locator``.</doc>
<msg timestamp="20221107 14:42:27.480" level="INFO">Typing text 'CDU' into text field 'id:loginuname'.</msg>
<status status="PASS" starttime="20221107 14:42:27.479" endtime="20221107 14:42:27.536"/>
</kw>
<kw name="Input Password" library="SeleniumLibrary">
<arg>id:loginpassword</arg>
<arg>${Password}</arg>
<doc>Types the given password into the text field identified by ``locator``.</doc>
<msg timestamp="20221107 14:42:27.536" level="INFO">Typing password into text field 'id:loginpassword'.</msg>
<msg timestamp="20221107 14:42:27.562" level="INFO">Temporally setting log level to: NONE</msg>
<msg timestamp="20221107 14:42:27.590" level="INFO">Log level changed from NONE to INFO.</msg>
<status status="PASS" starttime="20221107 14:42:27.536" endtime="20221107 14:42:27.591"/>
</kw>
<kw name="Click Element" library="SeleniumLibrary">
<arg>css:input[type='submit']</arg>
<doc>Click the element identified by ``locator``.</doc>
<msg timestamp="20221107 14:42:27.591" level="INFO">Clicking element 'css:input[type='submit']'.</msg>
<status status="PASS" starttime="20221107 14:42:27.591" endtime="20221107 14:42:28.393"/>
</kw>
<status status="PASS" starttime="20221107 14:42:27.449" endtime="20221107 14:42:28.393"/>
</kw>
<kw name="Page Login Success" library="resource">
<kw name="Page Should Contain" library="SeleniumLibrary">
<arg>Message : Successfully logged in</arg>
<doc>Verifies that current page contains ``text``.</doc>
<msg timestamp="20221107 14:42:28.406" level="INFO">Current page contains text 'Message : Successfully logged in'.</msg>
<status status="PASS" starttime="20221107 14:42:28.394" endtime="20221107 14:42:28.406"/>
</kw>
<status status="PASS" starttime="20221107 14:42:28.394" endtime="20221107 14:42:28.407"/>
</kw>
<kw name="Search Book ID" library="resource">
<arg>S357617</arg>
<kw name="Input Text" library="SeleniumLibrary">
<arg>//input[@id='query2']</arg>
<arg>${book_id}</arg>
<doc>Types the given ``text`` into the text field identified by ``locator``.</doc>
<msg timestamp="20221107 14:42:28.408" level="INFO">Typing text 'S357617' into text field '//input[@id='query2']'.</msg>
<status status="PASS" starttime="20221107 14:42:28.407" endtime="20221107 14:42:28.464"/>
</kw>
<kw name="Click Button" library="SeleniumLibrary">
<arg>//button[@type='submit']</arg>
<doc>Clicks the button identified by ``locator``.</doc>
<msg timestamp="20221107 14:42:28.464" level="INFO">Clicking button '//button[@type='submit']'.</msg>
<status status="PASS" starttime="20221107 14:42:28.464" endtime="20221107 14:42:28.527"/>
</kw>
<status status="PASS" starttime="20221107 14:42:28.407" endtime="20221107 14:42:28.528"/>
</kw>
<kw name="There are some book found" library="resource">
<kw name="Get WebElements" library="SeleniumLibrary">
<var>@{books}</var>
<arg>//table[@id='dataTable']/tbody/tr</arg>
<doc>Returns a list of WebElement objects matching the ``locator``.</doc>
<msg timestamp="20221107 14:42:28.536" level="INFO">@{books} = [ ]</msg>
<status status="PASS" starttime="20221107 14:42:28.528" endtime="20221107 14:42:28.536"/>
</kw>
<status status="PASS" starttime="20221107 14:42:28.528" endtime="20221107 14:42:28.536"/>
</kw>
<kw name="Sleep" library="BuiltIn">
<arg>2s</arg>
<doc>Pauses the test executed for the given time.</doc>
<msg timestamp="20221107 14:42:30.544" level="INFO">Slept 2 seconds</msg>
<status status="PASS" starttime="20221107 14:42:28.537" endtime="20221107 14:42:30.544"/>
</kw>
<kw name="Go To" library="SeleniumLibrary">
<arg>http://127.0.0.1:8000/viewstudents/</arg>
<doc>Navigates the current browser window to the provided ``url``.</doc>
<msg timestamp="20221107 14:42:30.545" level="INFO">Opening url 'http://127.0.0.1:8000/viewstudents/'</msg>
<status status="PASS" starttime="20221107 14:42:30.545" endtime="20221107 14:42:30.572"/>
</kw>
<kw name="Page Should Contain" library="SeleniumLibrary">
<arg>Zhe Wei</arg>
<doc>Verifies that current page contains ``text``.</doc>
<msg timestamp="20221107 14:42:30.581" level="INFO">Current page contains text 'Zhe Wei'.</msg>
<status status="PASS" starttime="20221107 14:42:30.573" endtime="20221107 14:42:30.581"/>
</kw>
<kw name="Capture Page Screenshot" library="SeleniumLibrary">
<doc>Takes a screenshot of the current page and embeds it into a log file.</doc>
<msg timestamp="20221107 14:42:30.718" level="INFO" html="true">&lt;/td&gt;&lt;/tr&gt;&lt;tr&gt;&lt;td colspan="3"&gt;&lt;a href="selenium-screenshot-1.png"&gt;&lt;img src="selenium-screenshot-1.png" width="800px"&gt;&lt;/a&gt;</msg>
<status status="PASS" starttime="20221107 14:42:30.582" endtime="20221107 14:42:30.719"/>
</kw>
<kw name="Close Browser" library="SeleniumLibrary">
<doc>Closes the current browser.</doc>
<status status="PASS" starttime="20221107 14:42:30.719" endtime="20221107 14:42:32.813"/>
</kw>
<status status="PASS" starttime="20221107 14:42:25.712" endtime="20221107 14:42:32.813"/>
</test>
<test id="s1-t2" name="View and search the second registered student" line="22">
<kw name="Open Web" library="resource">
<kw name="Open Browser" library="SeleniumLibrary">
<arg>${BrowserUrl}</arg>
<arg>${Browser}</arg>
<doc>Opens a new browser instance to the optional ``url``.</doc>
<msg timestamp="20221107 14:42:32.815" level="INFO">Opening browser 'chrome' to base url 'http://127.0.0.1:8000'.</msg>
<status status="PASS" starttime="20221107 14:42:32.815" endtime="20221107 14:42:34.425"/>
</kw>
<kw name="Maximize Browser Window" library="SeleniumLibrary">
<doc>Maximizes current browser window.</doc>
<status status="PASS" starttime="20221107 14:42:34.425" endtime="20221107 14:42:34.541"/>
</kw>
<status status="PASS" starttime="20221107 14:42:32.815" endtime="20221107 14:42:34.541"/>
</kw>
<kw name="Login Into System" library="resource">
<arg>${UserName}</arg>
<arg>${Password}</arg>
<kw name="Go To" library="SeleniumLibrary">
<arg>http://127.0.0.1:8000/stafflogin/</arg>
<doc>Navigates the current browser window to the provided ``url``.</doc>
<msg timestamp="20221107 14:42:34.542" level="INFO">Opening url 'http://127.0.0.1:8000/stafflogin/'</msg>
<status status="PASS" starttime="20221107 14:42:34.542" endtime="20221107 14:42:34.569"/>
</kw>
<kw name="Input Text" library="SeleniumLibrary">
<arg>id:loginuname</arg>
<arg>${UserName}</arg>
<doc>Types the given ``text`` into the text field identified by ``locator``.</doc>
<msg timestamp="20221107 14:42:34.570" level="INFO">Typing text 'CDU' into text field 'id:loginuname'.</msg>
<status status="PASS" starttime="20221107 14:42:34.569" endtime="20221107 14:42:34.622"/>
</kw>
<kw name="Input Password" library="SeleniumLibrary">
<arg>id:loginpassword</arg>
<arg>${Password}</arg>
<doc>Types the given password into the text field identified by ``locator``.</doc>
<msg timestamp="20221107 14:42:34.622" level="INFO">Typing password into text field 'id:loginpassword'.</msg>
<msg timestamp="20221107 14:42:34.647" level="INFO">Temporally setting log level to: NONE</msg>
<msg timestamp="20221107 14:42:34.674" level="INFO">Log level changed from NONE to INFO.</msg>
<status status="PASS" starttime="20221107 14:42:34.622" endtime="20221107 14:42:34.674"/>
</kw>
<kw name="Click Element" library="SeleniumLibrary">
<arg>css:input[type='submit']</arg>
<doc>Click the element identified by ``locator``.</doc>
<msg timestamp="20221107 14:42:34.675" level="INFO">Clicking element 'css:input[type='submit']'.</msg>
<status status="PASS" starttime="20221107 14:42:34.674" endtime="20221107 14:42:35.355"/>
</kw>
<status status="PASS" starttime="20221107 14:42:34.542" endtime="20221107 14:42:35.355"/>
</kw>
<kw name="Page Login Success" library="resource">
<kw name="Page Should Contain" library="SeleniumLibrary">
<arg>Message : Successfully logged in</arg>
<doc>Verifies that current page contains ``text``.</doc>
<msg timestamp="20221107 14:42:35.367" level="INFO">Current page contains text 'Message : Successfully logged in'.</msg>
<status status="PASS" starttime="20221107 14:42:35.356" endtime="20221107 14:42:35.367"/>
</kw>
<status status="PASS" starttime="20221107 14:42:35.356" endtime="20221107 14:42:35.367"/>
</kw>
<kw name="Search Book ID" library="resource">
<arg>s354803</arg>
<kw name="Input Text" library="SeleniumLibrary">
<arg>//input[@id='query2']</arg>
<arg>${book_id}</arg>
<doc>Types the given ``text`` into the text field identified by ``locator``.</doc>
<msg timestamp="20221107 14:42:35.369" level="INFO">Typing text 's354803' into text field '//input[@id='query2']'.</msg>
<status status="PASS" starttime="20221107 14:42:35.368" endtime="20221107 14:42:35.418"/>
</kw>
<kw name="Click Button" library="SeleniumLibrary">
<arg>//button[@type='submit']</arg>
<doc>Clicks the button identified by ``locator``.</doc>
<msg timestamp="20221107 14:42:35.419" level="INFO">Clicking button '//button[@type='submit']'.</msg>
<status status="PASS" starttime="20221107 14:42:35.419" endtime="20221107 14:42:35.487"/>
</kw>
<status status="PASS" starttime="20221107 14:42:35.368" endtime="20221107 14:42:35.487"/>
</kw>
<kw name="There are some book found" library="resource">
<kw name="Get WebElements" library="SeleniumLibrary">
<var>@{books}</var>
<arg>//table[@id='dataTable']/tbody/tr</arg>
<doc>Returns a list of WebElement objects matching the ``locator``.</doc>
<msg timestamp="20221107 14:42:35.495" level="INFO">@{books} = [ ]</msg>
<status status="PASS" starttime="20221107 14:42:35.488" endtime="20221107 14:42:35.495"/>
</kw>
<status status="PASS" starttime="20221107 14:42:35.488" endtime="20221107 14:42:35.496"/>
</kw>
<kw name="Sleep" library="BuiltIn">
<arg>2s</arg>
<doc>Pauses the test executed for the given time.</doc>
<msg timestamp="20221107 14:42:37.505" level="INFO">Slept 2 seconds</msg>
<status status="PASS" starttime="20221107 14:42:35.497" endtime="20221107 14:42:37.505"/>
</kw>
<kw name="Go To" library="SeleniumLibrary">
<arg>http://127.0.0.1:8000/viewstudents/</arg>
<doc>Navigates the current browser window to the provided ``url``.</doc>
<msg timestamp="20221107 14:42:37.506" level="INFO">Opening url 'http://127.0.0.1:8000/viewstudents/'</msg>
<status status="PASS" starttime="20221107 14:42:37.505" endtime="20221107 14:42:37.535"/>
</kw>
<kw name="Page Should Contain" library="SeleniumLibrary">
<arg>An Vong</arg>
<doc>Verifies that current page contains ``text``.</doc>
<msg timestamp="20221107 14:42:37.545" level="INFO">Current page contains text 'An Vong'.</msg>
<status status="PASS" starttime="20221107 14:42:37.535" endtime="20221107 14:42:37.545"/>
</kw>
<kw name="Capture Page Screenshot" library="SeleniumLibrary">
<doc>Takes a screenshot of the current page and embeds it into a log file.</doc>
<msg timestamp="20221107 14:42:37.669" level="INFO" html="true">&lt;/td&gt;&lt;/tr&gt;&lt;tr&gt;&lt;td colspan="3"&gt;&lt;a href="selenium-screenshot-2.png"&gt;&lt;img src="selenium-screenshot-2.png" width="800px"&gt;&lt;/a&gt;</msg>
<status status="PASS" starttime="20221107 14:42:37.546" endtime="20221107 14:42:37.670"/>
</kw>
<kw name="Close Browser" library="SeleniumLibrary">
<doc>Closes the current browser.</doc>
<status status="PASS" starttime="20221107 14:42:37.670" endtime="20221107 14:42:39.752"/>
</kw>
<status status="PASS" starttime="20221107 14:42:32.814" endtime="20221107 14:42:39.752"/>
</test>
<test id="s1-t3" name="View and search the third registered student" line="34">
<kw name="Open Web" library="resource">
<kw name="Open Browser" library="SeleniumLibrary">
<arg>${BrowserUrl}</arg>
<arg>${Browser}</arg>
<doc>Opens a new browser instance to the optional ``url``.</doc>
<msg timestamp="20221107 14:42:39.755" level="INFO">Opening browser 'chrome' to base url 'http://127.0.0.1:8000'.</msg>
<status status="PASS" starttime="20221107 14:42:39.755" endtime="20221107 14:42:41.121"/>
</kw>
<kw name="Maximize Browser Window" library="SeleniumLibrary">
<doc>Maximizes current browser window.</doc>
<status status="PASS" starttime="20221107 14:42:41.121" endtime="20221107 14:42:41.244"/>
</kw>
<status status="PASS" starttime="20221107 14:42:39.754" endtime="20221107 14:42:41.244"/>
</kw>
<kw name="Login Into System" library="resource">
<arg>${UserName}</arg>
<arg>${Password}</arg>
<kw name="Go To" library="SeleniumLibrary">
<arg>http://127.0.0.1:8000/stafflogin/</arg>
<doc>Navigates the current browser window to the provided ``url``.</doc>
<msg timestamp="20221107 14:42:41.245" level="INFO">Opening url 'http://127.0.0.1:8000/stafflogin/'</msg>
<status status="PASS" starttime="20221107 14:42:41.245" endtime="20221107 14:42:41.273"/>
</kw>
<kw name="Input Text" library="SeleniumLibrary">
<arg>id:loginuname</arg>
<arg>${UserName}</arg>
<doc>Types the given ``text`` into the text field identified by ``locator``.</doc>
<msg timestamp="20221107 14:42:41.274" level="INFO">Typing text 'CDU' into text field 'id:loginuname'.</msg>
<status status="PASS" starttime="20221107 14:42:41.274" endtime="20221107 14:42:41.329"/>
</kw>
<kw name="Input Password" library="SeleniumLibrary">
<arg>id:loginpassword</arg>
<arg>${Password}</arg>
<doc>Types the given password into the text field identified by ``locator``.</doc>
<msg timestamp="20221107 14:42:41.330" level="INFO">Typing password into text field 'id:loginpassword'.</msg>
<msg timestamp="20221107 14:42:41.355" level="INFO">Temporally setting log level to: NONE</msg>
<msg timestamp="20221107 14:42:41.386" level="INFO">Log level changed from NONE to INFO.</msg>
<status status="PASS" starttime="20221107 14:42:41.329" endtime="20221107 14:42:41.386"/>
</kw>
<kw name="Click Element" library="SeleniumLibrary">
<arg>css:input[type='submit']</arg>
<doc>Click the element identified by ``locator``.</doc>
<msg timestamp="20221107 14:42:41.387" level="INFO">Clicking element 'css:input[type='submit']'.</msg>
<status status="PASS" starttime="20221107 14:42:41.386" endtime="20221107 14:42:41.901"/>
</kw>
<status status="PASS" starttime="20221107 14:42:41.245" endtime="20221107 14:42:41.901"/>
</kw>
<kw name="Page Login Success" library="resource">
<kw name="Page Should Contain" library="SeleniumLibrary">
<arg>Message : Successfully logged in</arg>
<doc>Verifies that current page contains ``text``.</doc>
<msg timestamp="20221107 14:42:41.912" level="INFO">Current page contains text 'Message : Successfully logged in'.</msg>
<status status="PASS" starttime="20221107 14:42:41.902" endtime="20221107 14:42:41.912"/>
</kw>
<status status="PASS" starttime="20221107 14:42:41.902" endtime="20221107 14:42:41.913"/>
</kw>
<kw name="Search Book ID" library="resource">
<arg>S361035</arg>
<kw name="Input Text" library="SeleniumLibrary">
<arg>//input[@id='query2']</arg>
<arg>${book_id}</arg>
<doc>Types the given ``text`` into the text field identified by ``locator``.</doc>
<msg timestamp="20221107 14:42:41.914" level="INFO">Typing text 'S361035' into text field '//input[@id='query2']'.</msg>
<status status="PASS" starttime="20221107 14:42:41.913" endtime="20221107 14:42:41.964"/>
</kw>
<kw name="Click Button" library="SeleniumLibrary">
<arg>//button[@type='submit']</arg>
<doc>Clicks the button identified by ``locator``.</doc>
<msg timestamp="20221107 14:42:41.964" level="INFO">Clicking button '//button[@type='submit']'.</msg>
<status status="PASS" starttime="20221107 14:42:41.964" endtime="20221107 14:42:42.026"/>
</kw>
<status status="PASS" starttime="20221107 14:42:41.913" endtime="20221107 14:42:42.027"/>
</kw>
<kw name="There are some book found" library="resource">
<kw name="Get WebElements" library="SeleniumLibrary">
<var>@{books}</var>
<arg>//table[@id='dataTable']/tbody/tr</arg>
<doc>Returns a list of WebElement objects matching the ``locator``.</doc>
<msg timestamp="20221107 14:42:42.034" level="INFO">@{books} = [ ]</msg>
<status status="PASS" starttime="20221107 14:42:42.027" endtime="20221107 14:42:42.034"/>
</kw>
<status status="PASS" starttime="20221107 14:42:42.027" endtime="20221107 14:42:42.035"/>
</kw>
<kw name="Sleep" library="BuiltIn">
<arg>2s</arg>
<doc>Pauses the test executed for the given time.</doc>
<msg timestamp="20221107 14:42:44.050" level="INFO">Slept 2 seconds</msg>
<status status="PASS" starttime="20221107 14:42:42.035" endtime="20221107 14:42:44.050"/>
</kw>
<kw name="Go To" library="SeleniumLibrary">
<arg>http://127.0.0.1:8000/viewstudents/</arg>
<doc>Navigates the current browser window to the provided ``url``.</doc>
<msg timestamp="20221107 14:42:44.051" level="INFO">Opening url 'http://127.0.0.1:8000/viewstudents/'</msg>
<status status="PASS" starttime="20221107 14:42:44.050" endtime="20221107 14:42:44.077"/>
</kw>
<kw name="Page Should Contain" library="SeleniumLibrary">
<arg>MD Al Admin</arg>
<doc>Verifies that current page contains ``text``.</doc>
<msg timestamp="20221107 14:42:44.086" level="INFO">Current page contains text 'MD Al Admin'.</msg>
<status status="PASS" starttime="20221107 14:42:44.077" endtime="20221107 14:42:44.086"/>
</kw>
<kw name="Capture Page Screenshot" library="SeleniumLibrary">
<doc>Takes a screenshot of the current page and embeds it into a log file.</doc>
<msg timestamp="20221107 14:42:44.198" level="INFO" html="true">&lt;/td&gt;&lt;/tr&gt;&lt;tr&gt;&lt;td colspan="3"&gt;&lt;a href="selenium-screenshot-3.png"&gt;&lt;img src="selenium-screenshot-3.png" width="800px"&gt;&lt;/a&gt;</msg>
<status status="PASS" starttime="20221107 14:42:44.086" endtime="20221107 14:42:44.198"/>
</kw>
<kw name="Close Browser" library="SeleniumLibrary">
<doc>Closes the current browser.</doc>
<status status="PASS" starttime="20221107 14:42:44.199" endtime="20221107 14:42:46.283"/>
</kw>
<status status="PASS" starttime="20221107 14:42:39.754" endtime="20221107 14:42:46.283"/>
</test>
<doc>Search Student Functionality</doc>
<status status="PASS" starttime="20221107 14:42:25.533" endtime="20221107 14:42:46.284"/>
</suite>
<statistics>
<total>
<stat pass="3" fail="0" skip="0">All Tests</stat>
</total>
<tag>
</tag>
<suite>
<stat pass="3" fail="0" skip="0" id="s1" name="Search Student">Search Student</stat>
</suite>
</statistics>
<errors>
</errors>
</robot>
