<?xml version="1.0" encoding="UTF-8"?>
<robot generator="Robot 5.0.1 (Python 3.10.4 on win32)" generated="20221102 21:34:19.808" rpa="false" schemaversion="3">
<suite id="s1" name="RPT582-LibraryManagementSystem-GroupWork" source="C:\CDU_coding\PRT582-Code\RPT582-LibraryManagementSystem-GroupWork">
<suite id="s1-s1" name="Tests" source="C:\CDU_coding\PRT582-Code\RPT582-LibraryManagementSystem-GroupWork\tests">
<suite id="s1-s1-s1" name="staffSignup" source="C:\CDU_coding\PRT582-Code\RPT582-LibraryManagementSystem-GroupWork\tests\staffSignup.robot">
<test id="s1-s1-s1-t1" name="Verify Successful Signup to Library Management System" line="18">
<kw name="Open Browser" library="SeleniumLibrary">
<arg>${BrowserUrl}</arg>
<arg>Chrome</arg>
<doc>Opens a new browser instance to the optional ``url``.</doc>
<msg timestamp="20221102 21:34:20.208" level="INFO">Opening browser 'Chrome' to base url 'http://127.0.0.1:8000/staffsignup/'.</msg>
<status status="PASS" starttime="20221102 21:34:20.207" endtime="20221102 21:34:22.315"/>
</kw>
<kw name="Wait Until Element Is Visible" library="SeleniumLibrary">
<arg>id:uname</arg>
<arg>timeout=5</arg>
<doc>Waits until the element ``locator`` is visible.</doc>
<status status="PASS" starttime="20221102 21:34:22.317" endtime="20221102 21:34:22.376"/>
</kw>
<kw name="Input Text" library="SeleniumLibrary">
<arg>id:uname</arg>
<arg>${UserName}1</arg>
<doc>Types the given ``text`` into the text field identified by ``locator``.</doc>
<msg timestamp="20221102 21:34:22.378" level="INFO">Typing text 'test12921' into text field 'id:uname'.</msg>
<status status="PASS" starttime="20221102 21:34:22.377" endtime="20221102 21:34:22.547"/>
</kw>
<kw name="Input Text" library="SeleniumLibrary">
<arg>id:fname</arg>
<arg>${FirstName}</arg>
<doc>Types the given ``text`` into the text field identified by ``locator``.</doc>
<msg timestamp="20221102 21:34:22.551" level="INFO">Typing text 'CDU Name' into text field 'id:fname'.</msg>
<status status="PASS" starttime="20221102 21:34:22.549" endtime="20221102 21:34:22.704"/>
</kw>
<kw name="Input Text" library="SeleniumLibrary">
<arg>id:lname</arg>
<arg>${LastName}</arg>
<doc>Types the given ``text`` into the text field identified by ``locator``.</doc>
<msg timestamp="20221102 21:34:22.706" level="INFO">Typing text 'University' into text field 'id:lname'.</msg>
<status status="PASS" starttime="20221102 21:34:22.705" endtime="20221102 21:34:22.869"/>
</kw>
<kw name="Input Text" library="SeleniumLibrary">
<arg>id:email</arg>
<arg>${Email}</arg>
<doc>Types the given ``text`` into the text field identified by ``locator``.</doc>
<msg timestamp="20221102 21:34:22.870" level="INFO">Typing text 'test125@gmail.com' into text field 'id:email'.</msg>
<status status="PASS" starttime="20221102 21:34:22.869" endtime="20221102 21:34:23.050"/>
</kw>
<kw name="Input Text" library="SeleniumLibrary">
<arg>id:phone</arg>
<arg>${ContactNumber}</arg>
<doc>Types the given ``text`` into the text field identified by ``locator``.</doc>
<msg timestamp="20221102 21:34:23.052" level="INFO">Typing text '8899007766' into text field 'id:phone'.</msg>
<status status="PASS" starttime="20221102 21:34:23.052" endtime="20221102 21:34:23.234"/>
</kw>
<kw name="Input Password" library="SeleniumLibrary">
<arg>id:password</arg>
<arg>${Password}</arg>
<doc>Types the given password into the text field identified by ``locator``.</doc>
<msg timestamp="20221102 21:34:23.237" level="INFO">Typing password into text field 'id:password'.</msg>
<msg timestamp="20221102 21:34:23.305" level="INFO">Temporally setting log level to: NONE</msg>
<msg timestamp="20221102 21:34:23.390" level="INFO">Log level changed from NONE to INFO.</msg>
<status status="PASS" starttime="20221102 21:34:23.235" endtime="20221102 21:34:23.393"/>
</kw>
<kw name="Click Button" library="SeleniumLibrary">
<arg>css:input[type='submit']</arg>
<doc>Clicks the button identified by ``locator``.</doc>
<msg timestamp="20221102 21:34:23.394" level="INFO">Clicking button 'css:input[type='submit']'.</msg>
<status status="PASS" starttime="20221102 21:34:23.394" endtime="20221102 21:34:23.872"/>
</kw>
<kw name="Sleep" library="BuiltIn">
<arg>5</arg>
<doc>Pauses the test executed for the given time.</doc>
<msg timestamp="20221102 21:34:28.879" level="INFO">Slept 5 seconds</msg>
<status status="PASS" starttime="20221102 21:34:23.873" endtime="20221102 21:34:28.883"/>
</kw>
<kw name="Element Should Be Visible" library="SeleniumLibrary">
<arg>css:[href="stafflogin"]</arg>
<doc>Verifies that the element identified by ``locator`` is visible.</doc>
<msg timestamp="20221102 21:34:29.429" level="INFO" html="true">&lt;/td&gt;&lt;/tr&gt;&lt;tr&gt;&lt;td colspan="3"&gt;&lt;a href="selenium-screenshot-26.png"&gt;&lt;img src="selenium-screenshot-26.png" width="800px"&gt;&lt;/a&gt;</msg>
<msg timestamp="20221102 21:34:29.433" level="FAIL">Element with locator 'css:[href="stafflogin"]' not found.</msg>
<status status="FAIL" starttime="20221102 21:34:28.883" endtime="20221102 21:34:29.437"/>
</kw>
<kw name="Close Browser" library="SeleniumLibrary">
<doc>Closes the current browser.</doc>
<status status="NOT RUN" starttime="20221102 21:34:29.439" endtime="20221102 21:34:29.439"/>
</kw>
<status status="FAIL" starttime="20221102 21:34:20.203" endtime="20221102 21:34:29.441">Element with locator 'css:[href="stafflogin"]' not found.</status>
</test>
<doc>Signup Functionality</doc>
<status status="FAIL" starttime="20221102 21:34:19.881" endtime="20221102 21:34:29.447"/>
</suite>
<status status="FAIL" starttime="20221102 21:34:19.874" endtime="20221102 21:34:29.454"/>
</suite>
<status status="FAIL" starttime="20221102 21:34:19.814" endtime="20221102 21:34:29.459"/>
</suite>
<statistics>
<total>
<stat pass="0" fail="1" skip="0">All Tests</stat>
</total>
<tag>
</tag>
<suite>
<stat pass="0" fail="1" skip="0" id="s1" name="RPT582-LibraryManagementSystem-GroupWork">RPT582-LibraryManagementSystem-GroupWork</stat>
<stat pass="0" fail="1" skip="0" id="s1-s1" name="Tests">RPT582-LibraryManagementSystem-GroupWork.Tests</stat>
<stat pass="0" fail="1" skip="0" id="s1-s1-s1" name="staffSignup">RPT582-LibraryManagementSystem-GroupWork.Tests.staffSignup</stat>
</suite>
</statistics>
<errors>
</errors>
</robot>
