<?xml version="1.0" encoding="UTF-8"?>
<robot generator="Robot 5.0.1 (Python 3.10.4 on win32)" generated="20221103 23:16:34.407" rpa="false" schemaversion="3">
<suite id="s1" name="RPT582-LibraryManagementSystem-GroupWork" source="C:\CDU_coding\PRT582-Code\RPT582-LibraryManagementSystem-GroupWork">
<suite id="s1-s1" name="Book" source="C:\CDU_coding\PRT582-Code\RPT582-LibraryManagementSystem-GroupWork\book">
<suite id="s1-s1-s1" name="Search Book" source="C:\CDU_coding\PRT582-Code\RPT582-LibraryManagementSystem-GroupWork\book\search_book.robot">
<test id="s1-s1-s1-t1" name="Verify Search Book Function" line="10">
<kw name="Open Web" library="book_resource">
<kw name="Open Browser" library="SeleniumLibrary">
<arg>${BrowserUrl}</arg>
<arg>${Browser}</arg>
<doc>Opens a new browser instance to the optional ``url``.</doc>
<msg timestamp="20221103 23:16:34.831" level="INFO">Opening browser 'chrome' to base url 'http://127.0.0.1:8000'.</msg>
<status status="PASS" starttime="20221103 23:16:34.830" endtime="20221103 23:16:37.260"/>
</kw>
<status status="PASS" starttime="20221103 23:16:34.828" endtime="20221103 23:16:37.261"/>
</kw>
<kw name="Login Into System" library="book_resource">
<arg>${UserName}</arg>
<arg>${Password}</arg>
<kw name="Go To" library="SeleniumLibrary">
<arg>http://127.0.0.1:8000/stafflogin/</arg>
<doc>Navigates the current browser window to the provided ``url``.</doc>
<msg timestamp="20221103 23:16:37.265" level="INFO">Opening url 'http://127.0.0.1:8000/stafflogin/'</msg>
<status status="PASS" starttime="20221103 23:16:37.264" endtime="20221103 23:16:37.450"/>
</kw>
<kw name="Input Text" library="SeleniumLibrary">
<arg>id:loginuname</arg>
<arg>${UserName}</arg>
<doc>Types the given ``text`` into the text field identified by ``locator``.</doc>
<msg timestamp="20221103 23:16:37.452" level="INFO">Typing text 'anvong' into text field 'id:loginuname'.</msg>
<status status="PASS" starttime="20221103 23:16:37.451" endtime="20221103 23:16:37.677"/>
</kw>
<kw name="Input Password" library="SeleniumLibrary">
<arg>id:loginpassword</arg>
<arg>${Password}</arg>
<doc>Types the given password into the text field identified by ``locator``.</doc>
<msg timestamp="20221103 23:16:37.680" level="INFO">Typing password into text field 'id:loginpassword'.</msg>
<msg timestamp="20221103 23:16:37.758" level="INFO">Temporally setting log level to: NONE</msg>
<msg timestamp="20221103 23:16:37.833" level="INFO">Log level changed from NONE to INFO.</msg>
<status status="PASS" starttime="20221103 23:16:37.678" endtime="20221103 23:16:37.836"/>
</kw>
<kw name="Click Element" library="SeleniumLibrary">
<arg>css:input[type='submit']</arg>
<doc>Click the element identified by ``locator``.</doc>
<msg timestamp="20221103 23:16:37.837" level="INFO">Clicking element 'css:input[type='submit']'.</msg>
<status status="PASS" starttime="20221103 23:16:37.836" endtime="20221103 23:16:38.712"/>
</kw>
<status status="PASS" starttime="20221103 23:16:37.263" endtime="20221103 23:16:38.713"/>
</kw>
<kw name="Page Login Success" library="book_resource">
<kw name="Page Should Contain" library="SeleniumLibrary">
<arg>Message : Successfully logged in</arg>
<doc>Verifies that current page contains ``text``.</doc>
<msg timestamp="20221103 23:16:38.744" level="INFO">Current page contains text 'Message : Successfully logged in'.</msg>
<status status="PASS" starttime="20221103 23:16:38.715" endtime="20221103 23:16:38.746"/>
</kw>
<status status="PASS" starttime="20221103 23:16:38.714" endtime="20221103 23:16:38.747"/>
</kw>
<kw name="Search Book ID" library="book_resource">
<arg>1</arg>
<kw name="Input Text" library="SeleniumLibrary">
<arg>//input[@id='query2']</arg>
<arg>${book_id}</arg>
<doc>Types the given ``text`` into the text field identified by ``locator``.</doc>
<msg timestamp="20221103 23:16:38.750" level="INFO">Typing text '1' into text field '//input[@id='query2']'.</msg>
<status status="PASS" starttime="20221103 23:16:38.749" endtime="20221103 23:16:38.883"/>
</kw>
<kw name="Click Button" library="SeleniumLibrary">
<arg>//button[@type='submit']</arg>
<doc>Clicks the button identified by ``locator``.</doc>
<msg timestamp="20221103 23:16:38.885" level="INFO">Clicking button '//button[@type='submit']'.</msg>
<status status="PASS" starttime="20221103 23:16:38.884" endtime="20221103 23:16:39.112"/>
</kw>
<status status="PASS" starttime="20221103 23:16:38.747" endtime="20221103 23:16:39.113"/>
</kw>
<kw name="There are some book found" library="book_resource">
<kw name="Get WebElements" library="SeleniumLibrary">
<var>@{books}</var>
<arg>//table[@id='dataTable']/tbody/tr</arg>
<doc>Returns a list of WebElement objects matching the ``locator``.</doc>
<msg timestamp="20221103 23:16:39.141" level="INFO">@{books} = [ &lt;selenium.webdriver.remote.webelement.WebElement (session="f46ab96ebd8fe8479cad647d2351ae10", element="dbbd3567-1c9d-484b-ab0a-856553320bee")&gt; | &lt;selenium.webdriver.remote.webelement.WebElement (ses...</msg>
<status status="PASS" starttime="20221103 23:16:39.116" endtime="20221103 23:16:39.145"/>
</kw>
<status status="PASS" starttime="20221103 23:16:39.114" endtime="20221103 23:16:39.145"/>
</kw>
<kw name="Search Book ID" library="book_resource">
<arg>2</arg>
<kw name="Input Text" library="SeleniumLibrary">
<arg>//input[@id='query2']</arg>
<arg>${book_id}</arg>
<doc>Types the given ``text`` into the text field identified by ``locator``.</doc>
<msg timestamp="20221103 23:16:39.148" level="INFO">Typing text '2' into text field '//input[@id='query2']'.</msg>
<status status="PASS" starttime="20221103 23:16:39.147" endtime="20221103 23:16:39.272"/>
</kw>
<kw name="Click Button" library="SeleniumLibrary">
<arg>//button[@type='submit']</arg>
<doc>Clicks the button identified by ``locator``.</doc>
<msg timestamp="20221103 23:16:39.273" level="INFO">Clicking button '//button[@type='submit']'.</msg>
<status status="PASS" starttime="20221103 23:16:39.272" endtime="20221103 23:16:39.492"/>
</kw>
<status status="PASS" starttime="20221103 23:16:39.146" endtime="20221103 23:16:39.493"/>
</kw>
<kw name="There are some book found" library="book_resource">
<kw name="Get WebElements" library="SeleniumLibrary">
<var>@{books}</var>
<arg>//table[@id='dataTable']/tbody/tr</arg>
<doc>Returns a list of WebElement objects matching the ``locator``.</doc>
<msg timestamp="20221103 23:16:39.516" level="INFO">@{books} = [ &lt;selenium.webdriver.remote.webelement.WebElement (session="f46ab96ebd8fe8479cad647d2351ae10", element="1a5baccb-8051-408d-a3cb-d9661d90fd6a")&gt; ]</msg>
<status status="PASS" starttime="20221103 23:16:39.496" endtime="20221103 23:16:39.519"/>
</kw>
<status status="PASS" starttime="20221103 23:16:39.494" endtime="20221103 23:16:39.519"/>
</kw>
<kw name="Close Browser" library="SeleniumLibrary">
<doc>Closes the current browser.</doc>
<status status="PASS" starttime="20221103 23:16:39.520" endtime="20221103 23:16:42.014"/>
</kw>
<status status="PASS" starttime="20221103 23:16:34.826" endtime="20221103 23:16:42.015"/>
</test>
<doc>Search Book Functionality</doc>
<status status="PASS" starttime="20221103 23:16:34.473" endtime="20221103 23:16:42.019"/>
</suite>
<status status="PASS" starttime="20221103 23:16:34.466" endtime="20221103 23:16:42.025"/>
</suite>
<status status="PASS" starttime="20221103 23:16:34.416" endtime="20221103 23:16:42.030"/>
</suite>
<statistics>
<total>
<stat pass="1" fail="0" skip="0">All Tests</stat>
</total>
<tag>
</tag>
<suite>
<stat pass="1" fail="0" skip="0" id="s1" name="RPT582-LibraryManagementSystem-GroupWork">RPT582-LibraryManagementSystem-GroupWork</stat>
<stat pass="1" fail="0" skip="0" id="s1-s1" name="Book">RPT582-LibraryManagementSystem-GroupWork.Book</stat>
<stat pass="1" fail="0" skip="0" id="s1-s1-s1" name="Search Book">RPT582-LibraryManagementSystem-GroupWork.Book.Search Book</stat>
</suite>
</statistics>
<errors>
</errors>
</robot>
