<?xml version="1.0" encoding="UTF-8"?>
<robot generator="Robot 5.0.1 (Python 3.10.4 on win32)" generated="20221104 20:39:26.802" rpa="false" schemaversion="3">
<suite id="s1" name="View Student" source="c:\CDU_coding\PRT582-Code\RPT582-LibraryManagementSystem-GroupWork\students\view_student.robot">
<test id="s1-t1" name="Verify View List Of Student" line="11">
<kw name="Open Web" library="resource">
<kw name="Open Browser" library="SeleniumLibrary">
<arg>${BrowserUrl}</arg>
<arg>${Browser}</arg>
<doc>Opens a new browser instance to the optional ``url``.</doc>
<msg timestamp="20221104 20:39:28.056" level="INFO">Opening browser 'chrome' to base url 'http://127.0.0.1:8000'.</msg>
<status status="PASS" starttime="20221104 20:39:28.050" endtime="20221104 20:39:30.206"/>
</kw>
<kw name="Maximize Browser Window" library="SeleniumLibrary">
<doc>Maximizes current browser window.</doc>
<status status="PASS" starttime="20221104 20:39:30.207" endtime="20221104 20:39:30.365"/>
</kw>
<status status="PASS" starttime="20221104 20:39:28.042" endtime="20221104 20:39:30.368"/>
</kw>
<kw name="Login Into System" library="resource">
<arg>${UserName}</arg>
<arg>${Password}</arg>
<kw name="Go To" library="SeleniumLibrary">
<arg>http://127.0.0.1:8000/stafflogin/</arg>
<doc>Navigates the current browser window to the provided ``url``.</doc>
<msg timestamp="20221104 20:39:30.380" level="INFO">Opening url 'http://127.0.0.1:8000/stafflogin/'</msg>
<status status="PASS" starttime="20221104 20:39:30.378" endtime="20221104 20:39:30.616"/>
</kw>
<kw name="Input Text" library="SeleniumLibrary">
<arg>id:loginuname</arg>
<arg>${UserName}</arg>
<doc>Types the given ``text`` into the text field identified by ``locator``.</doc>
<msg timestamp="20221104 20:39:30.623" level="INFO">Typing text 'CDU' into text field 'id:loginuname'.</msg>
<status status="PASS" starttime="20221104 20:39:30.619" endtime="20221104 20:39:30.835"/>
</kw>
<kw name="Input Password" library="SeleniumLibrary">
<arg>id:loginpassword</arg>
<arg>${Password}</arg>
<doc>Types the given password into the text field identified by ``locator``.</doc>
<msg timestamp="20221104 20:39:30.840" level="INFO">Typing password into text field 'id:loginpassword'.</msg>
<msg timestamp="20221104 20:39:30.922" level="INFO">Temporally setting log level to: NONE</msg>
<msg timestamp="20221104 20:39:31.000" level="INFO">Log level changed from NONE to INFO.</msg>
<status status="PASS" starttime="20221104 20:39:30.837" endtime="20221104 20:39:31.001"/>
</kw>
<kw name="Click Element" library="SeleniumLibrary">
<arg>css:input[type='submit']</arg>
<doc>Click the element identified by ``locator``.</doc>
<msg timestamp="20221104 20:39:31.007" level="INFO">Clicking element 'css:input[type='submit']'.</msg>
<status status="PASS" starttime="20221104 20:39:31.003" endtime="20221104 20:39:31.782"/>
</kw>
<status status="PASS" starttime="20221104 20:39:30.373" endtime="20221104 20:39:31.785"/>
</kw>
<kw name="Page Login Success" library="resource">
<kw name="Page Should Contain" library="SeleniumLibrary">
<arg>Message : Successfully logged in</arg>
<doc>Verifies that current page contains ``text``.</doc>
<msg timestamp="20221104 20:39:31.816" level="INFO">Current page contains text 'Message : Successfully logged in'.</msg>
<status status="PASS" starttime="20221104 20:39:31.790" endtime="20221104 20:39:31.817"/>
</kw>
<status status="PASS" starttime="20221104 20:39:31.787" endtime="20221104 20:39:31.819"/>
</kw>
<kw name="Maximize Browser Window" library="SeleniumLibrary">
<doc>Maximizes current browser window.</doc>
<status status="PASS" starttime="20221104 20:39:31.822" endtime="20221104 20:39:31.829"/>
</kw>
<kw name="Go To" library="SeleniumLibrary">
<arg>http://127.0.0.1:8000/viewstudents/</arg>
<doc>Navigates the current browser window to the provided ``url``.</doc>
<msg timestamp="20221104 20:39:31.832" level="INFO">Opening url 'http://127.0.0.1:8000/viewstudents/'</msg>
<status status="PASS" starttime="20221104 20:39:31.831" endtime="20221104 20:39:31.927"/>
</kw>
<kw name="Page Should Contain" library="SeleniumLibrary">
<arg>Ben Carruth</arg>
<doc>Verifies that current page contains ``text``.</doc>
<msg timestamp="20221104 20:39:31.961" level="INFO">Current page contains text 'Ben Carruth'.</msg>
<status status="PASS" starttime="20221104 20:39:31.929" endtime="20221104 20:39:31.962"/>
</kw>
<kw name="Page Should Contain" library="SeleniumLibrary">
<arg>MD Al Admin</arg>
<doc>Verifies that current page contains ``text``.</doc>
<msg timestamp="20221104 20:39:31.987" level="INFO">Current page contains text 'MD Al Admin'.</msg>
<status status="PASS" starttime="20221104 20:39:31.963" endtime="20221104 20:39:31.988"/>
</kw>
<kw name="Page Should Contain" library="SeleniumLibrary">
<arg>An Vong</arg>
<doc>Verifies that current page contains ``text``.</doc>
<msg timestamp="20221104 20:39:32.014" level="INFO">Current page contains text 'An Vong'.</msg>
<status status="PASS" starttime="20221104 20:39:31.990" endtime="20221104 20:39:32.015"/>
</kw>
<kw name="Capture Page Screenshot" library="SeleniumLibrary">
<doc>Takes a screenshot of the current page and embeds it into a log file.</doc>
<msg timestamp="20221104 20:39:32.302" level="INFO" html="true">&lt;/td&gt;&lt;/tr&gt;&lt;tr&gt;&lt;td colspan="3"&gt;&lt;a href="selenium-screenshot-1.png"&gt;&lt;img src="selenium-screenshot-1.png" width="800px"&gt;&lt;/a&gt;</msg>
<status status="PASS" starttime="20221104 20:39:32.017" endtime="20221104 20:39:32.303"/>
</kw>
<kw name="Close Browser" library="SeleniumLibrary">
<doc>Closes the current browser.</doc>
<status status="PASS" starttime="20221104 20:39:32.305" endtime="20221104 20:39:34.516"/>
</kw>
<status status="PASS" starttime="20221104 20:39:28.031" endtime="20221104 20:39:34.519"/>
</test>
<doc>Search Book Functionality</doc>
<status status="PASS" starttime="20221104 20:39:26.821" endtime="20221104 20:39:34.525"/>
</suite>
<statistics>
<total>
<stat pass="1" fail="0" skip="0">All Tests</stat>
</total>
<tag>
</tag>
<suite>
<stat pass="1" fail="0" skip="0" id="s1" name="View Student">View Student</stat>
</suite>
</statistics>
<errors>
</errors>
</robot>
