<?xml version="1.0" encoding="UTF-8"?>
<robot generator="Robot 6.0 (Python 3.10.8 on win32)" generated="20221107 15:17:28.271" rpa="false" schemaversion="3">
<suite id="s1" name="Entry Returned Book" source="c:\Program Files\Python310\Scripts\RPT582-LibraryManagementSystem-main\book\entry_returned_book.robot">
<test id="s1-t1" name="Return and check the first returned book" line="9">
<kw name="Open Web" library="resource">
<kw name="Open Browser" library="SeleniumLibrary">
<arg>${BrowserUrl}</arg>
<arg>${Browser}</arg>
<doc>Opens a new browser instance to the optional ``url``.</doc>
<msg timestamp="20221107 15:17:28.469" level="INFO">Opening browser 'chrome' to base url 'http://127.0.0.1:8000'.</msg>
<status status="PASS" starttime="20221107 15:17:28.468" endtime="20221107 15:17:29.989"/>
</kw>
<kw name="Maximize Browser Window" library="SeleniumLibrary">
<doc>Maximizes current browser window.</doc>
<status status="PASS" starttime="20221107 15:17:29.990" endtime="20221107 15:17:30.099"/>
</kw>
<status status="PASS" starttime="20221107 15:17:28.468" endtime="20221107 15:17:30.100"/>
</kw>
<kw name="Login Into System" library="resource">
<arg>${UserName}</arg>
<arg>${Password}</arg>
<kw name="Go To" library="SeleniumLibrary">
<arg>http://127.0.0.1:8000/stafflogin/</arg>
<doc>Navigates the current browser window to the provided ``url``.</doc>
<msg timestamp="20221107 15:17:30.101" level="INFO">Opening url 'http://127.0.0.1:8000/stafflogin/'</msg>
<status status="PASS" starttime="20221107 15:17:30.100" endtime="20221107 15:17:30.132"/>
</kw>
<kw name="Input Text" library="SeleniumLibrary">
<arg>id:loginuname</arg>
<arg>${UserName}</arg>
<doc>Types the given ``text`` into the text field identified by ``locator``.</doc>
<msg timestamp="20221107 15:17:30.133" level="INFO">Typing text 'CDU' into text field 'id:loginuname'.</msg>
<status status="PASS" starttime="20221107 15:17:30.132" endtime="20221107 15:17:30.186"/>
</kw>
<kw name="Input Password" library="SeleniumLibrary">
<arg>id:loginpassword</arg>
<arg>${Password}</arg>
<doc>Types the given password into the text field identified by ``locator``.</doc>
<msg timestamp="20221107 15:17:30.186" level="INFO">Typing password into text field 'id:loginpassword'.</msg>
<msg timestamp="20221107 15:17:30.211" level="INFO">Temporally setting log level to: NONE</msg>
<msg timestamp="20221107 15:17:30.239" level="INFO">Log level changed from NONE to INFO.</msg>
<status status="PASS" starttime="20221107 15:17:30.186" endtime="20221107 15:17:30.239"/>
</kw>
<kw name="Click Element" library="SeleniumLibrary">
<arg>css:input[type='submit']</arg>
<doc>Click the element identified by ``locator``.</doc>
<msg timestamp="20221107 15:17:30.240" level="INFO">Clicking element 'css:input[type='submit']'.</msg>
<status status="PASS" starttime="20221107 15:17:30.239" endtime="20221107 15:17:30.820"/>
</kw>
<status status="PASS" starttime="20221107 15:17:30.100" endtime="20221107 15:17:30.820"/>
</kw>
<kw name="Page Login Success" library="resource">
<kw name="Page Should Contain" library="SeleniumLibrary">
<arg>Message : Successfully logged in</arg>
<doc>Verifies that current page contains ``text``.</doc>
<msg timestamp="20221107 15:17:30.832" level="INFO">Current page contains text 'Message : Successfully logged in'.</msg>
<status status="PASS" starttime="20221107 15:17:30.821" endtime="20221107 15:17:30.832"/>
</kw>
<status status="PASS" starttime="20221107 15:17:30.821" endtime="20221107 15:17:30.832"/>
</kw>
<kw name="Maximize Browser Window" library="SeleniumLibrary">
<doc>Maximizes current browser window.</doc>
<status status="PASS" starttime="20221107 15:17:30.833" endtime="20221107 15:17:30.835"/>
</kw>
<kw name="Go To" library="SeleniumLibrary">
<arg>http://127.0.0.1:8000/returnbook/</arg>
<doc>Navigates the current browser window to the provided ``url``.</doc>
<msg timestamp="20221107 15:17:30.836" level="INFO">Opening url 'http://127.0.0.1:8000/returnbook/'</msg>
<status status="PASS" starttime="20221107 15:17:30.835" endtime="20221107 15:17:30.907"/>
</kw>
<kw name="Input Text" library="SeleniumLibrary">
<arg>id:bookid2</arg>
<arg>PYTHON101</arg>
<doc>Types the given ``text`` into the text field identified by ``locator``.</doc>
<msg timestamp="20221107 15:17:30.908" level="INFO">Typing text 'PYTHON101' into text field 'id:bookid2'.</msg>
<status status="PASS" starttime="20221107 15:17:30.908" endtime="20221107 15:17:30.959"/>
</kw>
<kw name="Click Element" library="SeleniumLibrary">
<arg>//button[contains(text(),'Submit')]</arg>
<doc>Click the element identified by ``locator``.</doc>
<msg timestamp="20221107 15:17:30.960" level="INFO">Clicking element '//button[contains(text(),'Submit')]'.</msg>
<status status="PASS" starttime="20221107 15:17:30.959" endtime="20221107 15:17:31.007"/>
</kw>
<kw name="Go To" library="SeleniumLibrary">
<arg>http://127.0.0.1:8000/dashboard/</arg>
<doc>Navigates the current browser window to the provided ``url``.</doc>
<msg timestamp="20221107 15:17:31.007" level="INFO">Opening url 'http://127.0.0.1:8000/dashboard/'</msg>
<status status="PASS" starttime="20221107 15:17:31.007" endtime="20221107 15:17:31.032"/>
</kw>
<kw name="Page Should Contain" library="SeleniumLibrary">
<arg>PYTHON Book 1</arg>
<doc>Verifies that current page contains ``text``.</doc>
<msg timestamp="20221107 15:17:31.041" level="INFO">Current page contains text 'PYTHON Book 1'.</msg>
<status status="PASS" starttime="20221107 15:17:31.032" endtime="20221107 15:17:31.042"/>
</kw>
<kw name="Page Should Contain" library="SeleniumLibrary">
<arg>RPT582 Testing 1</arg>
<doc>Verifies that current page contains ``text``.</doc>
<msg timestamp="20221107 15:17:31.051" level="INFO">Current page contains text 'RPT582 Testing 1'.</msg>
<status status="PASS" starttime="20221107 15:17:31.042" endtime="20221107 15:17:31.052"/>
</kw>
<kw name="Page Should Contain" library="SeleniumLibrary">
<arg>Not-Issued</arg>
<doc>Verifies that current page contains ``text``.</doc>
<msg timestamp="20221107 15:17:31.060" level="INFO">Current page contains text 'Not-Issued'.</msg>
<status status="PASS" starttime="20221107 15:17:31.052" endtime="20221107 15:17:31.061"/>
</kw>
<kw name="Capture Page Screenshot" library="SeleniumLibrary">
<doc>Takes a screenshot of the current page and embeds it into a log file.</doc>
<msg timestamp="20221107 15:17:31.195" level="INFO" html="true">&lt;/td&gt;&lt;/tr&gt;&lt;tr&gt;&lt;td colspan="3"&gt;&lt;a href="selenium-screenshot-1.png"&gt;&lt;img src="selenium-screenshot-1.png" width="800px"&gt;&lt;/a&gt;</msg>
<status status="PASS" starttime="20221107 15:17:31.061" endtime="20221107 15:17:31.195"/>
</kw>
<kw name="Close Browser" library="SeleniumLibrary">
<doc>Closes the current browser.</doc>
<status status="PASS" starttime="20221107 15:17:31.195" endtime="20221107 15:17:33.265"/>
</kw>
<status status="PASS" starttime="20221107 15:17:28.468" endtime="20221107 15:17:33.265"/>
</test>
<test id="s1-t2" name="Return and check the second returned book" line="25">
<kw name="Open Web" library="resource">
<kw name="Open Browser" library="SeleniumLibrary">
<arg>${BrowserUrl}</arg>
<arg>${Browser}</arg>
<doc>Opens a new browser instance to the optional ``url``.</doc>
<msg timestamp="20221107 15:17:33.268" level="INFO">Opening browser 'chrome' to base url 'http://127.0.0.1:8000'.</msg>
<status status="PASS" starttime="20221107 15:17:33.267" endtime="20221107 15:17:34.617"/>
</kw>
<kw name="Maximize Browser Window" library="SeleniumLibrary">
<doc>Maximizes current browser window.</doc>
<status status="PASS" starttime="20221107 15:17:34.617" endtime="20221107 15:17:34.726"/>
</kw>
<status status="PASS" starttime="20221107 15:17:33.267" endtime="20221107 15:17:34.726"/>
</kw>
<kw name="Login Into System" library="resource">
<arg>${UserName}</arg>
<arg>${Password}</arg>
<kw name="Go To" library="SeleniumLibrary">
<arg>http://127.0.0.1:8000/stafflogin/</arg>
<doc>Navigates the current browser window to the provided ``url``.</doc>
<msg timestamp="20221107 15:17:34.727" level="INFO">Opening url 'http://127.0.0.1:8000/stafflogin/'</msg>
<status status="PASS" starttime="20221107 15:17:34.727" endtime="20221107 15:17:34.753"/>
</kw>
<kw name="Input Text" library="SeleniumLibrary">
<arg>id:loginuname</arg>
<arg>${UserName}</arg>
<doc>Types the given ``text`` into the text field identified by ``locator``.</doc>
<msg timestamp="20221107 15:17:34.754" level="INFO">Typing text 'CDU' into text field 'id:loginuname'.</msg>
<status status="PASS" starttime="20221107 15:17:34.754" endtime="20221107 15:17:34.809"/>
</kw>
<kw name="Input Password" library="SeleniumLibrary">
<arg>id:loginpassword</arg>
<arg>${Password}</arg>
<doc>Types the given password into the text field identified by ``locator``.</doc>
<msg timestamp="20221107 15:17:34.809" level="INFO">Typing password into text field 'id:loginpassword'.</msg>
<msg timestamp="20221107 15:17:34.834" level="INFO">Temporally setting log level to: NONE</msg>
<msg timestamp="20221107 15:17:34.863" level="INFO">Log level changed from NONE to INFO.</msg>
<status status="PASS" starttime="20221107 15:17:34.809" endtime="20221107 15:17:34.864"/>
</kw>
<kw name="Click Element" library="SeleniumLibrary">
<arg>css:input[type='submit']</arg>
<doc>Click the element identified by ``locator``.</doc>
<msg timestamp="20221107 15:17:34.864" level="INFO">Clicking element 'css:input[type='submit']'.</msg>
<status status="PASS" starttime="20221107 15:17:34.864" endtime="20221107 15:17:35.469"/>
</kw>
<status status="PASS" starttime="20221107 15:17:34.727" endtime="20221107 15:17:35.470"/>
</kw>
<kw name="Page Login Success" library="resource">
<kw name="Page Should Contain" library="SeleniumLibrary">
<arg>Message : Successfully logged in</arg>
<doc>Verifies that current page contains ``text``.</doc>
<msg timestamp="20221107 15:17:35.480" level="INFO">Current page contains text 'Message : Successfully logged in'.</msg>
<status status="PASS" starttime="20221107 15:17:35.470" endtime="20221107 15:17:35.480"/>
</kw>
<status status="PASS" starttime="20221107 15:17:35.470" endtime="20221107 15:17:35.480"/>
</kw>
<kw name="Maximize Browser Window" library="SeleniumLibrary">
<doc>Maximizes current browser window.</doc>
<status status="PASS" starttime="20221107 15:17:35.480" endtime="20221107 15:17:35.483"/>
</kw>
<kw name="Go To" library="SeleniumLibrary">
<arg>http://127.0.0.1:8000/returnbook/</arg>
<doc>Navigates the current browser window to the provided ``url``.</doc>
<msg timestamp="20221107 15:17:35.483" level="INFO">Opening url 'http://127.0.0.1:8000/returnbook/'</msg>
<status status="PASS" starttime="20221107 15:17:35.483" endtime="20221107 15:17:35.540"/>
</kw>
<kw name="Input Text" library="SeleniumLibrary">
<arg>id:bookid2</arg>
<arg>PYTHON102</arg>
<doc>Types the given ``text`` into the text field identified by ``locator``.</doc>
<msg timestamp="20221107 15:17:35.541" level="INFO">Typing text 'PYTHON102' into text field 'id:bookid2'.</msg>
<status status="PASS" starttime="20221107 15:17:35.540" endtime="20221107 15:17:35.591"/>
</kw>
<kw name="Click Element" library="SeleniumLibrary">
<arg>//button[contains(text(),'Submit')]</arg>
<doc>Click the element identified by ``locator``.</doc>
<msg timestamp="20221107 15:17:35.592" level="INFO">Clicking element '//button[contains(text(),'Submit')]'.</msg>
<status status="PASS" starttime="20221107 15:17:35.592" endtime="20221107 15:17:35.653"/>
</kw>
<kw name="Go To" library="SeleniumLibrary">
<arg>http://127.0.0.1:8000/dashboard/</arg>
<doc>Navigates the current browser window to the provided ``url``.</doc>
<msg timestamp="20221107 15:17:35.654" level="INFO">Opening url 'http://127.0.0.1:8000/dashboard/'</msg>
<status status="PASS" starttime="20221107 15:17:35.653" endtime="20221107 15:17:35.681"/>
</kw>
<kw name="Page Should Contain" library="SeleniumLibrary">
<arg>PYTHON Book 2</arg>
<doc>Verifies that current page contains ``text``.</doc>
<msg timestamp="20221107 15:17:35.691" level="INFO">Current page contains text 'PYTHON Book 2'.</msg>
<status status="PASS" starttime="20221107 15:17:35.681" endtime="20221107 15:17:35.691"/>
</kw>
<kw name="Page Should Contain" library="SeleniumLibrary">
<arg>RPT582 Testing 2</arg>
<doc>Verifies that current page contains ``text``.</doc>
<msg timestamp="20221107 15:17:35.700" level="INFO">Current page contains text 'RPT582 Testing 2'.</msg>
<status status="PASS" starttime="20221107 15:17:35.691" endtime="20221107 15:17:35.700"/>
</kw>
<kw name="Page Should Contain" library="SeleniumLibrary">
<arg>Not-Issued</arg>
<doc>Verifies that current page contains ``text``.</doc>
<msg timestamp="20221107 15:17:35.709" level="INFO">Current page contains text 'Not-Issued'.</msg>
<status status="PASS" starttime="20221107 15:17:35.701" endtime="20221107 15:17:35.709"/>
</kw>
<kw name="Capture Page Screenshot" library="SeleniumLibrary">
<doc>Takes a screenshot of the current page and embeds it into a log file.</doc>
<msg timestamp="20221107 15:17:35.832" level="INFO" html="true">&lt;/td&gt;&lt;/tr&gt;&lt;tr&gt;&lt;td colspan="3"&gt;&lt;a href="selenium-screenshot-2.png"&gt;&lt;img src="selenium-screenshot-2.png" width="800px"&gt;&lt;/a&gt;</msg>
<status status="PASS" starttime="20221107 15:17:35.709" endtime="20221107 15:17:35.832"/>
</kw>
<kw name="Close Browser" library="SeleniumLibrary">
<doc>Closes the current browser.</doc>
<status status="PASS" starttime="20221107 15:17:35.832" endtime="20221107 15:17:37.881"/>
</kw>
<status status="PASS" starttime="20221107 15:17:33.267" endtime="20221107 15:17:37.881"/>
</test>
<test id="s1-t3" name="Return and check the third returned book" line="41">
<kw name="Open Web" library="resource">
<kw name="Open Browser" library="SeleniumLibrary">
<arg>${BrowserUrl}</arg>
<arg>${Browser}</arg>
<doc>Opens a new browser instance to the optional ``url``.</doc>
<msg timestamp="20221107 15:17:37.883" level="INFO">Opening browser 'chrome' to base url 'http://127.0.0.1:8000'.</msg>
<status status="PASS" starttime="20221107 15:17:37.883" endtime="20221107 15:17:39.516"/>
</kw>
<kw name="Maximize Browser Window" library="SeleniumLibrary">
<doc>Maximizes current browser window.</doc>
<status status="PASS" starttime="20221107 15:17:39.516" endtime="20221107 15:17:39.629"/>
</kw>
<status status="PASS" starttime="20221107 15:17:37.883" endtime="20221107 15:17:39.629"/>
</kw>
<kw name="Login Into System" library="resource">
<arg>${UserName}</arg>
<arg>${Password}</arg>
<kw name="Go To" library="SeleniumLibrary">
<arg>http://127.0.0.1:8000/stafflogin/</arg>
<doc>Navigates the current browser window to the provided ``url``.</doc>
<msg timestamp="20221107 15:17:39.629" level="INFO">Opening url 'http://127.0.0.1:8000/stafflogin/'</msg>
<status status="PASS" starttime="20221107 15:17:39.629" endtime="20221107 15:17:39.656"/>
</kw>
<kw name="Input Text" library="SeleniumLibrary">
<arg>id:loginuname</arg>
<arg>${UserName}</arg>
<doc>Types the given ``text`` into the text field identified by ``locator``.</doc>
<msg timestamp="20221107 15:17:39.657" level="INFO">Typing text 'CDU' into text field 'id:loginuname'.</msg>
<status status="PASS" starttime="20221107 15:17:39.656" endtime="20221107 15:17:39.711"/>
</kw>
<kw name="Input Password" library="SeleniumLibrary">
<arg>id:loginpassword</arg>
<arg>${Password}</arg>
<doc>Types the given password into the text field identified by ``locator``.</doc>
<msg timestamp="20221107 15:17:39.712" level="INFO">Typing password into text field 'id:loginpassword'.</msg>
<msg timestamp="20221107 15:17:39.737" level="INFO">Temporally setting log level to: NONE</msg>
<msg timestamp="20221107 15:17:39.766" level="INFO">Log level changed from NONE to INFO.</msg>
<status status="PASS" starttime="20221107 15:17:39.711" endtime="20221107 15:17:39.766"/>
</kw>
<kw name="Click Element" library="SeleniumLibrary">
<arg>css:input[type='submit']</arg>
<doc>Click the element identified by ``locator``.</doc>
<msg timestamp="20221107 15:17:39.766" level="INFO">Clicking element 'css:input[type='submit']'.</msg>
<status status="PASS" starttime="20221107 15:17:39.766" endtime="20221107 15:17:40.362"/>
</kw>
<status status="PASS" starttime="20221107 15:17:39.629" endtime="20221107 15:17:40.363"/>
</kw>
<kw name="Page Login Success" library="resource">
<kw name="Page Should Contain" library="SeleniumLibrary">
<arg>Message : Successfully logged in</arg>
<doc>Verifies that current page contains ``text``.</doc>
<msg timestamp="20221107 15:17:40.373" level="INFO">Current page contains text 'Message : Successfully logged in'.</msg>
<status status="PASS" starttime="20221107 15:17:40.363" endtime="20221107 15:17:40.373"/>
</kw>
<status status="PASS" starttime="20221107 15:17:40.363" endtime="20221107 15:17:40.373"/>
</kw>
<kw name="Maximize Browser Window" library="SeleniumLibrary">
<doc>Maximizes current browser window.</doc>
<status status="PASS" starttime="20221107 15:17:40.374" endtime="20221107 15:17:40.376"/>
</kw>
<kw name="Go To" library="SeleniumLibrary">
<arg>http://127.0.0.1:8000/returnbook/</arg>
<doc>Navigates the current browser window to the provided ``url``.</doc>
<msg timestamp="20221107 15:17:40.377" level="INFO">Opening url 'http://127.0.0.1:8000/returnbook/'</msg>
<status status="PASS" starttime="20221107 15:17:40.377" endtime="20221107 15:17:40.424"/>
</kw>
<kw name="Input Text" library="SeleniumLibrary">
<arg>id:bookid2</arg>
<arg>PYTHON103</arg>
<doc>Types the given ``text`` into the text field identified by ``locator``.</doc>
<msg timestamp="20221107 15:17:40.425" level="INFO">Typing text 'PYTHON103' into text field 'id:bookid2'.</msg>
<status status="PASS" starttime="20221107 15:17:40.425" endtime="20221107 15:17:40.476"/>
</kw>
<kw name="Click Element" library="SeleniumLibrary">
<arg>//button[contains(text(),'Submit')]</arg>
<doc>Click the element identified by ``locator``.</doc>
<msg timestamp="20221107 15:17:40.477" level="INFO">Clicking element '//button[contains(text(),'Submit')]'.</msg>
<status status="PASS" starttime="20221107 15:17:40.476" endtime="20221107 15:17:40.547"/>
</kw>
<kw name="Go To" library="SeleniumLibrary">
<arg>http://127.0.0.1:8000/dashboard/</arg>
<doc>Navigates the current browser window to the provided ``url``.</doc>
<msg timestamp="20221107 15:17:40.548" level="INFO">Opening url 'http://127.0.0.1:8000/dashboard/'</msg>
<status status="PASS" starttime="20221107 15:17:40.548" endtime="20221107 15:17:40.573"/>
</kw>
<kw name="Page Should Contain" library="SeleniumLibrary">
<arg>PYTHON Book 3</arg>
<doc>Verifies that current page contains ``text``.</doc>
<msg timestamp="20221107 15:17:40.584" level="INFO">Current page contains text 'PYTHON Book 3'.</msg>
<status status="PASS" starttime="20221107 15:17:40.573" endtime="20221107 15:17:40.584"/>
</kw>
<kw name="Page Should Contain" library="SeleniumLibrary">
<arg>RPT582 Testing 3</arg>
<doc>Verifies that current page contains ``text``.</doc>
<msg timestamp="20221107 15:17:40.593" level="INFO">Current page contains text 'RPT582 Testing 3'.</msg>
<status status="PASS" starttime="20221107 15:17:40.584" endtime="20221107 15:17:40.593"/>
</kw>
<kw name="Page Should Contain" library="SeleniumLibrary">
<arg>Not-Issued</arg>
<doc>Verifies that current page contains ``text``.</doc>
<msg timestamp="20221107 15:17:40.603" level="INFO">Current page contains text 'Not-Issued'.</msg>
<status status="PASS" starttime="20221107 15:17:40.594" endtime="20221107 15:17:40.603"/>
</kw>
<kw name="Capture Page Screenshot" library="SeleniumLibrary">
<doc>Takes a screenshot of the current page and embeds it into a log file.</doc>
<msg timestamp="20221107 15:17:40.737" level="INFO" html="true">&lt;/td&gt;&lt;/tr&gt;&lt;tr&gt;&lt;td colspan="3"&gt;&lt;a href="selenium-screenshot-3.png"&gt;&lt;img src="selenium-screenshot-3.png" width="800px"&gt;&lt;/a&gt;</msg>
<status status="PASS" starttime="20221107 15:17:40.604" endtime="20221107 15:17:40.737"/>
</kw>
<kw name="Close Browser" library="SeleniumLibrary">
<doc>Closes the current browser.</doc>
<status status="PASS" starttime="20221107 15:17:40.737" endtime="20221107 15:17:42.806"/>
</kw>
<status status="PASS" starttime="20221107 15:17:37.882" endtime="20221107 15:17:42.806"/>
</test>
<doc>Issue Book Functionality</doc>
<status status="PASS" starttime="20221107 15:17:28.275" endtime="20221107 15:17:42.807"/>
</suite>
<statistics>
<total>
<stat pass="3" fail="0" skip="0">All Tests</stat>
</total>
<tag>
</tag>
<suite>
<stat pass="3" fail="0" skip="0" id="s1" name="Entry Returned Book">Entry Returned Book</stat>
</suite>
</statistics>
<errors>
</errors>
</robot>
